[2025-10-10T15:35:08.032Z] Social Media: Starting social media automation...
[2025-10-10T15:35:08.038Z] Social Media: Initializing Social Media Automation...
[2025-10-10T15:35:08.038Z] Social Media: Created directory: videos
[2025-10-10T15:35:08.039Z] Social Media: Default configuration created
[2025-10-10T15:35:08.039Z] Social Media: Social Media Automation initialized
[2025-10-10T15:35:08.040Z] Social Media: Generating post schedule...
[2025-10-10T15:35:08.040Z] Social Media: Selecting 3 random videos...
[2025-10-10T15:35:08.040Z] Social Media: Scanning for available videos...
[2025-10-10T15:35:08.040Z] Social Media: Found 0 available videos
[2025-10-10T15:35:08.041Z] Social Media: No videos available for posting
[2025-10-10T15:35:08.041Z] Social Media: No videos selected for posting
[2025-10-10T15:35:08.041Z] Social Media: No posts scheduled, automation complete
[2025-10-10T15:41:55.322Z] Social Media: Starting social media automation...
[2025-10-10T15:41:55.328Z] Social Media: Initializing Social Media Automation...
[2025-10-10T15:41:55.329Z] Social Media: Social Media Automation initialized
[2025-10-10T15:41:55.329Z] Social Media: Generating post schedule...
[2025-10-10T15:41:55.330Z] Social Media: Selecting 3 random videos...
[2025-10-10T15:41:55.330Z] Social Media: Scanning for available videos...
[2025-10-10T15:41:55.330Z] Social Media: Found 0 available videos
[2025-10-10T15:41:55.330Z] Social Media: No videos available for posting
[2025-10-10T15:41:55.331Z] Social Media: No videos selected for posting
[2025-10-10T15:41:55.331Z] Social Media: No posts scheduled, automation complete
[2025-10-10T15:46:57.677Z] Social Media: Starting social media automation...
[2025-10-10T15:46:57.684Z] Social Media: Initializing Social Media Automation...
[2025-10-10T15:46:57.684Z] Social Media: Social Media Automation initialized
[2025-10-10T15:46:57.685Z] Social Media: Generating post schedule...
[2025-10-10T15:46:57.685Z] Social Media: Selecting 3 random videos...
[2025-10-10T15:46:57.685Z] Social Media: Scanning for available videos...
[2025-10-10T15:46:57.685Z] Social Media: Found 0 available videos
[2025-10-10T15:46:57.686Z] Social Media: No videos available for posting
[2025-10-10T15:46:57.686Z] Social Media: No videos selected for posting
[2025-10-10T15:46:57.686Z] Social Media: No posts scheduled, automation complete
[2025-10-10T15:52:00.021Z] Social Media: Starting social media automation...
[2025-10-10T15:52:00.027Z] Social Media: Initializing Social Media Automation...
[2025-10-10T15:52:00.028Z] Social Media: Social Media Automation initialized
[2025-10-10T15:52:00.028Z] Social Media: Generating post schedule...
[2025-10-10T15:52:00.029Z] Social Media: Selecting 3 random videos...
[2025-10-10T15:52:00.029Z] Social Media: Scanning for available videos...
[2025-10-10T15:52:00.029Z] Social Media: Found 0 available videos
[2025-10-10T15:52:00.029Z] Social Media: No videos available for posting
[2025-10-10T15:52:00.029Z] Social Media: No videos selected for posting
[2025-10-10T15:52:00.030Z] Social Media: No posts scheduled, automation complete
[2025-10-10T15:57:02.412Z] Social Media: Starting social media automation...
[2025-10-10T15:57:02.418Z] Social Media: Initializing Social Media Automation...
[2025-10-10T15:57:02.419Z] Social Media: Social Media Automation initialized
[2025-10-10T15:57:02.419Z] Social Media: Generating post schedule...
[2025-10-10T15:57:02.420Z] Social Media: Selecting 3 random videos...
[2025-10-10T15:57:02.420Z] Social Media: Scanning for available videos...
[2025-10-10T15:57:02.420Z] Social Media: Found 0 available videos
[2025-10-10T15:57:02.420Z] Social Media: No videos available for posting
[2025-10-10T15:57:02.420Z] Social Media: No videos selected for posting
[2025-10-10T15:57:02.421Z] Social Media: No posts scheduled, automation complete
[2025-10-10T16:02:04.788Z] Social Media: Starting social media automation...
[2025-10-10T16:02:04.794Z] Social Media: Initializing Social Media Automation...
[2025-10-10T16:02:04.795Z] Social Media: Social Media Automation initialized
[2025-10-10T16:02:04.795Z] Social Media: Generating post schedule...
[2025-10-10T16:02:04.796Z] Social Media: Selecting 3 random videos...
[2025-10-10T16:02:04.796Z] Social Media: Scanning for available videos...
[2025-10-10T16:02:04.796Z] Social Media: Found 0 available videos
[2025-10-10T16:02:04.797Z] Social Media: No videos available for posting
[2025-10-10T16:02:04.797Z] Social Media: No videos selected for posting
[2025-10-10T16:02:04.797Z] Social Media: No posts scheduled, automation complete
[2025-10-10T16:07:07.123Z] Social Media: Starting social media automation...
[2025-10-10T16:07:07.129Z] Social Media: Initializing Social Media Automation...
[2025-10-10T16:07:07.130Z] Social Media: Social Media Automation initialized
[2025-10-10T16:07:07.130Z] Social Media: Generating post schedule...
[2025-10-10T16:07:07.130Z] Social Media: Selecting 3 random videos...
[2025-10-10T16:07:07.131Z] Social Media: Scanning for available videos...
[2025-10-10T16:07:07.131Z] Social Media: Found 0 available videos
[2025-10-10T16:07:07.131Z] Social Media: No videos available for posting
[2025-10-10T16:07:07.131Z] Social Media: No videos selected for posting
[2025-10-10T16:07:07.131Z] Social Media: No posts scheduled, automation complete
[2025-10-10T16:12:09.435Z] Social Media: Starting social media automation...
[2025-10-10T16:12:09.441Z] Social Media: Initializing Social Media Automation...
[2025-10-10T16:12:09.442Z] Social Media: Social Media Automation initialized
[2025-10-10T16:12:09.442Z] Social Media: Generating post schedule...
[2025-10-10T16:12:09.443Z] Social Media: Selecting 3 random videos...
[2025-10-10T16:12:09.443Z] Social Media: Scanning for available videos...
[2025-10-10T16:12:09.443Z] Social Media: Found 0 available videos
[2025-10-10T16:12:09.443Z] Social Media: No videos available for posting
[2025-10-10T16:12:09.443Z] Social Media: No videos selected for posting
[2025-10-10T16:12:09.444Z] Social Media: No posts scheduled, automation complete
[2025-10-10T16:17:11.761Z] Social Media: Starting social media automation...
[2025-10-10T16:17:11.767Z] Social Media: Initializing Social Media Automation...
[2025-10-10T16:17:11.768Z] Social Media: Social Media Automation initialized
[2025-10-10T16:17:11.768Z] Social Media: Generating post schedule...
[2025-10-10T16:17:11.768Z] Social Media: Selecting 3 random videos...
[2025-10-10T16:17:11.769Z] Social Media: Scanning for available videos...
[2025-10-10T16:17:11.769Z] Social Media: Found 0 available videos
[2025-10-10T16:17:11.769Z] Social Media: No videos available for posting
[2025-10-10T16:17:11.769Z] Social Media: No videos selected for posting
[2025-10-10T16:17:11.769Z] Social Media: No posts scheduled, automation complete
[2025-10-10T16:22:14.055Z] Social Media: Starting social media automation...
[2025-10-10T16:22:14.061Z] Social Media: Initializing Social Media Automation...
[2025-10-10T16:22:14.062Z] Social Media: Social Media Automation initialized
[2025-10-10T16:22:14.062Z] Social Media: Generating post schedule...
[2025-10-10T16:22:14.062Z] Social Media: Selecting 3 random videos...
[2025-10-10T16:22:14.062Z] Social Media: Scanning for available videos...
[2025-10-10T16:22:14.063Z] Social Media: Found 0 available videos
[2025-10-10T16:22:14.063Z] Social Media: No videos available for posting
[2025-10-10T16:22:14.063Z] Social Media: No videos selected for posting
[2025-10-10T16:22:14.063Z] Social Media: No posts scheduled, automation complete
[2025-10-10T16:27:16.450Z] Social Media: Starting social media automation...
[2025-10-10T16:27:16.457Z] Social Media: Initializing Social Media Automation...
[2025-10-10T16:27:16.458Z] Social Media: Social Media Automation initialized
[2025-10-10T16:27:16.458Z] Social Media: Generating post schedule...
[2025-10-10T16:27:16.458Z] Social Media: Selecting 3 random videos...
[2025-10-10T16:27:16.459Z] Social Media: Scanning for available videos...
[2025-10-10T16:27:16.459Z] Social Media: Found 0 available videos
[2025-10-10T16:27:16.459Z] Social Media: No videos available for posting
[2025-10-10T16:27:16.459Z] Social Media: No videos selected for posting
[2025-10-10T16:27:16.459Z] Social Media: No posts scheduled, automation complete
[2025-10-10T16:32:18.878Z] Social Media: Starting social media automation...
[2025-10-10T16:32:18.885Z] Social Media: Initializing Social Media Automation...
[2025-10-10T16:32:18.886Z] Social Media: Social Media Automation initialized
[2025-10-10T16:32:18.886Z] Social Media: Generating post schedule...
[2025-10-10T16:32:18.886Z] Social Media: Selecting 3 random videos...
[2025-10-10T16:32:18.887Z] Social Media: Scanning for available videos...
[2025-10-10T16:32:18.887Z] Social Media: Found 0 available videos
[2025-10-10T16:32:18.887Z] Social Media: No videos available for posting
[2025-10-10T16:32:18.887Z] Social Media: No videos selected for posting
[2025-10-10T16:32:18.887Z] Social Media: No posts scheduled, automation complete
[2025-10-10T16:37:21.368Z] Social Media: Starting social media automation...
[2025-10-10T16:37:21.375Z] Social Media: Initializing Social Media Automation...
[2025-10-10T16:37:21.376Z] Social Media: Social Media Automation initialized
[2025-10-10T16:37:21.376Z] Social Media: Generating post schedule...
[2025-10-10T16:37:21.376Z] Social Media: Selecting 3 random videos...
[2025-10-10T16:37:21.377Z] Social Media: Scanning for available videos...
[2025-10-10T16:37:21.377Z] Social Media: Found 0 available videos
[2025-10-10T16:37:21.377Z] Social Media: No videos available for posting
[2025-10-10T16:37:21.377Z] Social Media: No videos selected for posting
[2025-10-10T16:37:21.378Z] Social Media: No posts scheduled, automation complete
[2025-10-10T16:42:24.067Z] Social Media: Starting social media automation...
[2025-10-10T16:42:24.075Z] Social Media: Initializing Social Media Automation...
[2025-10-10T16:42:24.075Z] Social Media: Social Media Automation initialized
[2025-10-10T16:42:24.076Z] Social Media: Generating post schedule...
[2025-10-10T16:42:24.077Z] Social Media: Selecting 3 random videos...
[2025-10-10T16:42:24.077Z] Social Media: Scanning for available videos...
[2025-10-10T16:42:24.078Z] Social Media: Found 0 available videos
[2025-10-10T16:42:24.078Z] Social Media: No videos available for posting
[2025-10-10T16:42:24.078Z] Social Media: No videos selected for posting
[2025-10-10T16:42:24.078Z] Social Media: No posts scheduled, automation complete
