_config.yml 43ms (unchanged)
BUG_FIXES_SUMMARY.md 94ms (unchanged)
depcheck.json 65ms (unchanged)
docker-compose.prod.yml 33ms (unchanged)
docs/API.md 192ms (unchanged)
docs/DEVELOPMENT.md 76ms (unchanged)
docs/README.md 43ms (unchanged)
eslint.config.mjs 13ms (unchanged)
index.html 93ms (unchanged)
jest.config.js 10ms (unchanged)
jest.setup.js 23ms (unchanged)
next.config.backup.js 6ms (unchanged)
next.config.complex.js 11ms (unchanged)
next.config.js 10ms (unchanged)
next.config.minimal.js 4ms (unchanged)
package-lock.json 242ms (unchanged)
package.json 2ms (unchanged)
postcss.config.js 3ms (unchanged)
PRODUCTION_READY.md 48ms (unchanged)
README.md 11ms (unchanged)
reports/depcheck.json 10ms
reports/final-report.json 2ms
scripts/generate-final-report.js 20ms (unchanged)
src/__tests__/ai-assistant.test.ts 24ms (unchanged)
src/__tests__/api/appointments.test.ts 53ms (unchanged)
src/__tests__/api/patients.test.ts 44ms (unchanged)
src/__tests__/saudi-health-integration.test.ts 22ms (unchanged)
src/__tests__/setup.ts 39ms (unchanged)
src/__tests__/whatsapp-business-api.test.ts 35ms (unchanged)
src/__tests__/whatsapp-integration.test.ts 17ms (unchanged)
src/app/error.tsx 24ms (unchanged)
src/app/globals.css 38ms (unchanged)
src/app/layout.backup.tsx 11ms (unchanged)
src/app/layout.minimal.tsx 3ms (unchanged)
src/app/layout.tsx 2ms (unchanged)
src/app/not-found.tsx 13ms (unchanged)
src/app/page.backup.tsx 10ms (unchanged)
src/app/page.complex.tsx 52ms (unchanged)
src/app/page.simple.tsx 10ms (unchanged)
src/app/page.tsx 18ms (unchanged)
src/app/robots.ts 3ms (unchanged)
src/app/sitemap.ts 3ms (unchanged)
src/components/common/DirectionToggle.tsx 7ms (unchanged)
src/components/common/EmptyState.tsx 5ms (unchanged)
src/components/common/ErrorBoundary.tsx 17ms (unchanged)
src/components/common/LiveDot.tsx 3ms (unchanged)
src/components/common/LoadingSpinner.tsx 5ms (unchanged)
src/components/common/OptimizedImage.tsx 7ms (unchanged)
src/components/common/PlaceholderSquare.tsx 6ms (unchanged)
src/components/common/Skeleton.tsx 6ms (unchanged)
src/components/common/StatusBanner.tsx 7ms (unchanged)
src/components/common/ThemeToggle.tsx 9ms (unchanged)
src/components/dashboard/Charts.tsx 25ms (unchanged)
src/components/dashboard/KpiCard.tsx 4ms (unchanged)
src/components/providers/I18nProvider.tsx 9ms (unchanged)
src/components/providers/UIProvider.tsx 6ms (unchanged)
src/components/settings/KeywordEditor.tsx 8ms (unchanged)
src/components/settings/SettingsTabs.tsx 78ms (unchanged)
src/components/shell/Header.tsx 19ms (unchanged)
src/components/shell/Sidebar.tsx 14ms (unchanged)
src/components/ui/Badge.tsx 4ms (unchanged)
src/components/ui/Button.tsx 5ms (unchanged)
src/components/ui/Card.tsx 4ms (unchanged)
src/components/ui/DataTable.tsx 18ms (unchanged)
src/components/ui/Input.tsx 3ms (unchanged)
src/components/ui/Modal.tsx 8ms (unchanged)
src/components/ui/Skeleton.tsx 2ms (unchanged)
src/components/ui/Table.tsx 5ms (unchanged)
src/components/ui/Toast.tsx 5ms (unchanged)
src/components/ui/Tooltip.tsx 3ms (unchanged)
src/config/env.ts 11ms (unchanged)
src/constants/api.ts 11ms (unchanged)
src/constants/index.ts 2ms (unchanged)
src/constants/routes.ts 7ms (unchanged)
src/constants/storage.ts 5ms (unchanged)
src/constants/theme.ts 9ms (unchanged)
src/constants/ui.ts 9ms (unchanged)
src/constants/validation.ts 14ms (unchanged)
src/hooks/index.ts 2ms (unchanged)
src/hooks/useApi.ts 25ms (unchanged)
src/hooks/useAsync.ts 15ms (unchanged)
src/hooks/useAuth.ts 17ms (unchanged)
src/hooks/useBrandColorFromLogo.ts 14ms (unchanged)
src/hooks/useClickOutside.ts 4ms (unchanged)
src/hooks/useCounter.ts 6ms (unchanged)
src/hooks/useDebounce.ts 8ms (unchanged)
src/hooks/useForm.ts 24ms (unchanged)
src/hooks/useI18n.ts 5ms (unchanged)
src/hooks/useIntersectionObserver.ts 9ms (unchanged)
src/hooks/useKeyPress.ts 12ms (unchanged)
src/hooks/useLocalStorage.ts 11ms (unchanged)
src/hooks/useMediaQuery.ts 7ms (unchanged)
src/hooks/useMemoryLeakPrevention.ts 17ms (unchanged)
src/hooks/usePerformance.ts 24ms (unchanged)
src/hooks/usePrevious.ts 3ms (unchanged)
src/hooks/useThrottle.ts 15ms (unchanged)
src/hooks/useToggle.ts 7ms (unchanged)
src/lib/ai-assistant.ts 26ms (unchanged)
src/lib/analytics-stubs.ts 2ms (unchanged)
src/lib/api/config.ts 5ms (unchanged)
src/lib/api/whatsapp.ts 6ms (unchanged)
src/lib/auth/roles.ts 2ms (unchanged)
src/lib/cache-system.ts 38ms (unchanged)
src/lib/conversation-flows.ts 32ms (unchanged)
src/lib/cuid.ts 12ms (unchanged)
src/lib/database.ts 30ms (unchanged)
src/lib/error-handler.ts 40ms (unchanged)
src/lib/file-upload.ts 53ms (unchanged)
src/lib/integration-system.ts 58ms (unchanged)
src/lib/performance-monitor.ts 55ms (unchanged)
src/lib/performance-optimizations.ts 7ms (unchanged)
src/lib/performance.ts 11ms (unchanged)
src/lib/private-center-integration.ts 36ms (unchanged)
src/lib/real-time-notifications.ts 40ms (unchanged)
src/lib/responsive-design.ts 19ms (unchanged)
src/lib/saudi-health-integration.ts 60ms (unchanged)
src/lib/saudi-ministry-health-integration.ts 44ms (unchanged)
src/lib/security-enhanced.ts 37ms (unchanged)
src/lib/security.ts 22ms (unchanged)
src/lib/supabase-real.ts 58ms (unchanged)
src/lib/supabase.ts 47ms (unchanged)
src/lib/supabase/client.ts 2ms (unchanged)
src/lib/supabaseClient.ts 5ms (unchanged)
src/lib/theme.ts 6ms (unchanged)
src/lib/translations-manager.ts 18ms (unchanged)
src/lib/websocket-server.ts 49ms (unchanged)
src/lib/whatsapp-business-api.ts 40ms (unchanged)
src/lib/whatsapp-integration.ts 33ms (unchanged)
src/middleware.backup.ts 3ms (unchanged)
src/middleware.disabled.ts 3ms (unchanged)
src/middleware.prod.ts 14ms (unchanged)
src/scripts/seed-translations.ts 64ms (unchanged)
src/styles/base.css 26ms (unchanged)
src/styles/components.css 13ms (unchanged)
src/styles/index.css 2ms (unchanged)
src/styles/themes.css 26ms (unchanged)
src/styles/tokens.css 4ms (unchanged)
src/styles/utilities.css 25ms (unchanged)
src/types/api.ts 10ms (unchanged)
src/types/index.ts 8ms (unchanged)
src/types/supabase.ts 57ms (unchanged)
src/utils/api-client.ts 9ms (unchanged)
src/utils/api.ts 19ms (unchanged)
src/utils/date.ts 23ms (unchanged)
src/utils/format.ts 13ms (unchanged)
src/utils/index.ts 1ms (unchanged)
src/utils/storage.ts 14ms (unchanged)
src/utils/string.ts 22ms (unchanged)
src/utils/validation.ts 12ms (unchanged)
tailwind.config.js 6ms (unchanged)
temp_complex/(admin)/analytics/page.tsx 40ms (unchanged)
temp_complex/(admin)/channels/page.tsx 4ms (unchanged)
temp_complex/(admin)/conversations/page.tsx 28ms (unchanged)
temp_complex/(admin)/dashboard/page.tsx 38ms (unchanged)
temp_complex/(admin)/flow/page.tsx 58ms (unchanged)
temp_complex/(admin)/layout.tsx 3ms (unchanged)
temp_complex/(admin)/logs/page.tsx 11ms (unchanged)
temp_complex/(admin)/private-center-dashboard/page.tsx 26ms (unchanged)
temp_complex/(admin)/review/page.tsx 31ms (unchanged)
temp_complex/(admin)/settings/i18n/page.tsx 18ms (unchanged)
temp_complex/(admin)/settings/page.tsx 59ms (unchanged)
temp_complex/(admin)/users/page.tsx 21ms (unchanged)
temp_complex/(auth)/forgot-password/page.tsx 12ms (unchanged)
temp_complex/(auth)/login/page.tsx 17ms (unchanged)
temp_complex/(auth)/register/page.tsx 11ms (unchanged)
temp_complex/(auth)/reset-password/page.tsx 15ms (unchanged)
temp_complex/(auth)/verify-email/page.tsx 8ms (unchanged)
temp_complex/(info)/about/page.tsx 21ms (unchanged)
temp_complex/(info)/contact/page.tsx 26ms (unchanged)
temp_complex/(legal)/privacy/page.tsx 3ms (unchanged)
temp_complex/(legal)/terms/page.tsx 6ms (unchanged)
temp_complex/(marketing)/faq/page.tsx 5ms (unchanged)
temp_complex/(marketing)/features/page.tsx 5ms (unchanged)
temp_complex/(marketing)/pricing/page.tsx 6ms (unchanged)
temp_complex/(marketing)/project-documentation/page.tsx 86ms (unchanged)
temp_complex/api/ai/chat/route.ts 9ms (unchanged)
temp_complex/api/ai/respond/route.ts 2ms (unchanged)
temp_complex/api/ai/transcribe/route.ts 2ms (unchanged)
temp_complex/api/analytics/dashboard/route.ts 24ms (unchanged)
temp_complex/api/appointments/route.ts 13ms (unchanged)
temp_complex/api/auth/login/route.ts 11ms (unchanged)
temp_complex/api/auth/logout/route.ts 4ms (unchanged)
temp_complex/api/auth/me/route.ts 10ms (unchanged)
temp_complex/api/auth/refresh/route.ts 6ms (unchanged)
temp_complex/api/channels/whatsapp/send/route.ts 4ms (unchanged)
temp_complex/api/health/route.ts 21ms (unchanged)
temp_complex/api/i18n/admin/route.ts 7ms (unchanged)
temp_complex/api/i18n/route.ts 8ms (unchanged)
temp_complex/api/insurance/claim/route.ts 8ms (unchanged)
temp_complex/api/logs/route.ts 2ms (unchanged)
temp_complex/api/ministry-health/compliance/route.ts 4ms (unchanged)
temp_complex/api/ministry-health/submit/route.ts 5ms (unchanged)
temp_complex/api/ministry-health/sync/route.ts 6ms (unchanged)
temp_complex/api/ministry-health/verify/route.ts 4ms (unchanged)
temp_complex/api/patients/route.ts 12ms (unchanged)
temp_complex/api/private-center/analytics/route.ts 4ms (unchanged)
temp_complex/api/private-center/cchi-claim/route.ts 5ms (unchanged)
temp_complex/api/private-center/compliance/route.ts 3ms (unchanged)
temp_complex/api/private-center/moh-report/route.ts 6ms (unchanged)
temp_complex/api/private-center/sfda-report/route.ts 5ms (unchanged)
temp_complex/api/saudi-health/verify/route.ts 4ms (unchanged)
temp_complex/api/settings/route.ts 3ms (unchanged)
temp_complex/api/translations/seed/route.ts 4ms (unchanged)
temp_complex/api/webhooks/whatsapp/route.ts 4ms (unchanged)
temp_complex/api/whatsapp/send/route.ts 8ms (unchanged)
temp_complex/api/whatsapp/webhook/route.ts 8ms (unchanged)
temp_complex/components/page.tsx 7ms (unchanged)
tsconfig.json 3ms (unchanged)
