2025-10-08T11:01:22Z | === START RUN ===
2025-10-08T11:01:22Z | [depcheck] attempt 1/5
2025-10-08T11:01:27Z | [depcheck] failed attempt 1 (exit). stderr:
2025-10-08T11:01:29Z | [depcheck] attempt 2/5
2025-10-08T11:01:33Z | [depcheck] failed attempt 2 (exit). stderr:
2025-10-08T11:01:37Z | [depcheck] attempt 3/5
2025-10-08T11:01:42Z | [depcheck] failed attempt 3 (exit). stderr:
2025-10-08T11:01:50Z | [depcheck] attempt 4/5
2025-10-08T11:01:54Z | [depcheck] failed attempt 4 (exit). stderr:
2025-10-08T11:02:10Z | [depcheck] attempt 5/5
2025-10-08T11:02:15Z | [depcheck] failed attempt 5 (exit). stderr:
2025-10-08T11:02:47Z | [eslint_fix] attempt 1/5
2025-10-08T11:02:50Z | [prettier] attempt 1/5
2025-10-08T11:02:57Z | [build] attempt 1/5
2025-10-08T11:03:33Z | server pid: 63654
2025-10-08T11:04:04Z | [server_start_log] attempt 1/5
2025-10-08T11:04:04Z | [type_check] attempt 1/5
2025-10-08T11:04:16Z | [tests] attempt 1/5
2025-10-08T11:04:17Z | [eslint_final_check] attempt 1/5
2025-10-08T11:04:19Z | === END RUN ===
