
> hemam-center-ai-assistant@1.0.0 start
> next start

   ▲ Next.js 14.0.4
   - Local:        http://localhost:3000

Error: ENOENT: no such file or directory, open '/workspace/.next/BUILD_ID'
    at async open (node:internal/fs/promises:641:25)
    at async Object.readFile (node:internal/fs/promises:1245:14)
    at async setupFsCheck (/workspace/node_modules/next/dist/server/lib/router-utils/filesystem.js:145:19)
    at async initialize (/workspace/node_modules/next/dist/server/lib/router-server.js:56:23)
    at async Server.<anonymous> (/workspace/node_modules/next/dist/server/lib/start-server.js:247:36) {
  errno: -2,
  code: 'ENOENT',
  syscall: 'open',
  path: '/workspace/.next/BUILD_ID'
}
node:internal/modules/cjs/loader:1386
  throw err;
  ^

Error: Cannot find module '/workspace/server.js'
    at Function._resolveFilename (node:internal/modules/cjs/loader:1383:15)
    at defaultResolveImpl (node:internal/modules/cjs/loader:1025:19)
    at resolveForCJSWithHooks (node:internal/modules/cjs/loader:1030:22)
    at Function._load (node:internal/modules/cjs/loader:1192:37)
    at TracingChannel.traceSync (node:diagnostics_channel:322:14)
    at wrapModuleLoad (node:internal/modules/cjs/loader:237:24)
    at Function.executeUserEntryPoint [as runMain] (node:internal/modules/run_main:171:5)
    at node:internal/main/run_main_module:36:49 {
  code: 'MODULE_NOT_FOUND',
  requireStack: []
}

Node.js v22.20.0
 INFO  Accepting connections at http://localhost:3000
 HTTP  10/8/2025 11:03:36 AM ::1 GET /
 HTTP  10/8/2025 11:03:36 AM ::1 Returned 404 in 24 ms
 HTTP  10/8/2025 11:03:40 AM ::1 GET /
 HTTP  10/8/2025 11:03:40 AM ::1 Returned 404 in 2 ms
 HTTP  10/8/2025 11:03:48 AM ::1 GET /
 HTTP  10/8/2025 11:03:48 AM ::1 Returned 404 in 3 ms
