[2025-10-10T15:35:08.075Z] Admin Module: Starting admin module...
[2025-10-10T15:35:08.081Z] Admin Module: Initializing Admin Module...
[2025-10-10T15:35:08.082Z] Admin Module: Admin configuration created
[2025-10-10T15:35:08.082Z] Admin Module: Admin Module initialized
[2025-10-10T15:35:08.082Z] Admin Module: Generating admin report...
[2025-10-10T15:35:08.082Z] Admin Module: Verifying Supabase connection...
[2025-10-10T15:35:08.083Z] Admin Module: Supabase connection failed: Supabase configuration missing
[2025-10-10T15:35:08.083Z] Admin Module: Checking user permissions...
[2025-10-10T15:35:08.083Z] Admin Module: Permission checks completed for 1 users
[2025-10-10T15:35:08.084Z] Admin Module: Validating role definitions...
[2025-10-10T15:35:08.084Z] Admin Module: Role validation completed for 5 roles
[2025-10-10T15:35:08.084Z] Admin Module: Checking security settings...
[2025-10-10T15:35:08.084Z] Admin Module: Security settings check completed
[2025-10-10T15:35:08.085Z] Admin Module: Admin report saved to: /workspace/reports/admin-report.json
[2025-10-10T15:35:08.085Z] Admin Module: Admin module completed
[2025-10-10T15:41:55.365Z] Admin Module: Starting admin module...
[2025-10-10T15:41:55.371Z] Admin Module: Initializing Admin Module...
[2025-10-10T15:41:55.372Z] Admin Module: Admin Module initialized
[2025-10-10T15:41:55.372Z] Admin Module: Generating admin report...
[2025-10-10T15:41:55.373Z] Admin Module: Verifying Supabase connection...
[2025-10-10T15:41:55.373Z] Admin Module: Supabase connection failed: Supabase configuration missing
[2025-10-10T15:41:55.373Z] Admin Module: Checking user permissions...
[2025-10-10T15:41:55.373Z] Admin Module: Permission checks completed for 1 users
[2025-10-10T15:41:55.374Z] Admin Module: Validating role definitions...
[2025-10-10T15:41:55.374Z] Admin Module: Role validation completed for 5 roles
[2025-10-10T15:41:55.375Z] Admin Module: Checking security settings...
[2025-10-10T15:41:55.375Z] Admin Module: Security settings check completed
[2025-10-10T15:41:55.375Z] Admin Module: Admin report saved to: /workspace/reports/admin-report.json
[2025-10-10T15:41:55.375Z] Admin Module: Admin module completed
[2025-10-10T15:46:57.716Z] Admin Module: Starting admin module...
[2025-10-10T15:46:57.722Z] Admin Module: Initializing Admin Module...
[2025-10-10T15:46:57.723Z] Admin Module: Admin Module initialized
[2025-10-10T15:46:57.723Z] Admin Module: Generating admin report...
[2025-10-10T15:46:57.723Z] Admin Module: Verifying Supabase connection...
[2025-10-10T15:46:57.724Z] Admin Module: Supabase connection failed: Supabase configuration missing
[2025-10-10T15:46:57.724Z] Admin Module: Checking user permissions...
[2025-10-10T15:46:57.724Z] Admin Module: Permission checks completed for 1 users
[2025-10-10T15:46:57.724Z] Admin Module: Validating role definitions...
[2025-10-10T15:46:57.725Z] Admin Module: Role validation completed for 5 roles
[2025-10-10T15:46:57.725Z] Admin Module: Checking security settings...
[2025-10-10T15:46:57.725Z] Admin Module: Security settings check completed
[2025-10-10T15:46:57.726Z] Admin Module: Admin report saved to: /workspace/reports/admin-report.json
[2025-10-10T15:46:57.726Z] Admin Module: Admin module completed
