[2025-10-10T15:41:55.174Z] [INFO] Advanced Monitoring: Starting advanced monitoring...
[2025-10-10T15:41:55.177Z] [INFO] Advanced Monitoring: Generating monitoring report...
[2025-10-10T15:41:55.177Z] [INFO] Advanced Monitoring: Collecting system metrics...
[2025-10-10T15:41:55.206Z] [INFO] Advanced Monitoring: Analyzing metrics for anomalies...
[2025-10-10T15:41:55.207Z] [INFO] Advanced Monitoring: Processing 0 alerts...
[2025-10-10T15:41:55.207Z] [INFO] Advanced Monitoring: Monitoring report saved: /workspace/reports/monitoring-report.json
[2025-10-10T15:42:55.249Z] [INFO] Advanced Monitoring: Generating monitoring report...
[2025-10-10T15:42:55.249Z] [INFO] Advanced Monitoring: Collecting system metrics...
[2025-10-10T15:42:55.275Z] [INFO] Advanced Monitoring: Analyzing metrics for anomalies...
[2025-10-10T15:42:55.276Z] [INFO] Advanced Monitoring: Processing 0 alerts...
[2025-10-10T15:42:55.276Z] [INFO] Advanced Monitoring: Monitoring report saved: /workspace/reports/monitoring-report.json
[2025-10-10T15:43:55.253Z] [INFO] Advanced Monitoring: Generating monitoring report...
[2025-10-10T15:43:55.254Z] [INFO] Advanced Monitoring: Collecting system metrics...
[2025-10-10T15:43:55.275Z] [INFO] Advanced Monitoring: Analyzing metrics for anomalies...
[2025-10-10T15:43:55.276Z] [INFO] Advanced Monitoring: Processing 0 alerts...
[2025-10-10T15:43:55.276Z] [INFO] Advanced Monitoring: Monitoring report saved: /workspace/reports/monitoring-report.json
[2025-10-10T15:44:55.310Z] [INFO] Advanced Monitoring: Generating monitoring report...
[2025-10-10T15:44:55.311Z] [INFO] Advanced Monitoring: Collecting system metrics...
[2025-10-10T15:44:55.332Z] [INFO] Advanced Monitoring: Analyzing metrics for anomalies...
[2025-10-10T15:44:55.333Z] [INFO] Advanced Monitoring: Processing 0 alerts...
[2025-10-10T15:44:55.333Z] [INFO] Advanced Monitoring: Monitoring report saved: /workspace/reports/monitoring-report.json
[2025-10-10T15:45:55.360Z] [INFO] Advanced Monitoring: Generating monitoring report...
[2025-10-10T15:45:55.361Z] [INFO] Advanced Monitoring: Collecting system metrics...
[2025-10-10T15:45:55.382Z] [INFO] Advanced Monitoring: Analyzing metrics for anomalies...
[2025-10-10T15:45:55.382Z] [INFO] Advanced Monitoring: Processing 0 alerts...
[2025-10-10T15:45:55.383Z] [INFO] Advanced Monitoring: Monitoring report saved: /workspace/reports/monitoring-report.json
[2025-10-10T15:46:55.412Z] [INFO] Advanced Monitoring: Generating monitoring report...
[2025-10-10T15:46:55.413Z] [INFO] Advanced Monitoring: Collecting system metrics...
[2025-10-10T15:46:55.432Z] [INFO] Advanced Monitoring: Analyzing metrics for anomalies...
[2025-10-10T15:46:55.432Z] [INFO] Advanced Monitoring: Processing 0 alerts...
[2025-10-10T15:46:55.433Z] [INFO] Advanced Monitoring: Monitoring report saved: /workspace/reports/monitoring-report.json
[2025-10-10T15:47:55.473Z] [INFO] Advanced Monitoring: Generating monitoring report...
[2025-10-10T15:47:55.473Z] [INFO] Advanced Monitoring: Collecting system metrics...
[2025-10-10T15:47:55.493Z] [INFO] Advanced Monitoring: Analyzing metrics for anomalies...
[2025-10-10T15:47:55.493Z] [INFO] Advanced Monitoring: Processing 0 alerts...
[2025-10-10T15:47:55.494Z] [INFO] Advanced Monitoring: Monitoring report saved: /workspace/reports/monitoring-report.json
[2025-10-10T15:48:55.533Z] [INFO] Advanced Monitoring: Generating monitoring report...
[2025-10-10T15:48:55.533Z] [INFO] Advanced Monitoring: Collecting system metrics...
[2025-10-10T15:48:55.553Z] [INFO] Advanced Monitoring: Analyzing metrics for anomalies...
[2025-10-10T15:48:55.554Z] [INFO] Advanced Monitoring: Processing 0 alerts...
[2025-10-10T15:48:55.554Z] [INFO] Advanced Monitoring: Monitoring report saved: /workspace/reports/monitoring-report.json
[2025-10-10T15:49:55.550Z] [INFO] Advanced Monitoring: Generating monitoring report...
[2025-10-10T15:49:55.550Z] [INFO] Advanced Monitoring: Collecting system metrics...
[2025-10-10T15:49:55.573Z] [INFO] Advanced Monitoring: Analyzing metrics for anomalies...
[2025-10-10T15:49:55.573Z] [INFO] Advanced Monitoring: Processing 0 alerts...
[2025-10-10T15:49:55.574Z] [INFO] Advanced Monitoring: Monitoring report saved: /workspace/reports/monitoring-report.json
[2025-10-10T15:50:55.609Z] [INFO] Advanced Monitoring: Generating monitoring report...
[2025-10-10T15:50:55.610Z] [INFO] Advanced Monitoring: Collecting system metrics...
[2025-10-10T15:50:55.630Z] [INFO] Advanced Monitoring: Analyzing metrics for anomalies...
[2025-10-10T15:50:55.630Z] [INFO] Advanced Monitoring: Processing 0 alerts...
[2025-10-10T15:50:55.631Z] [INFO] Advanced Monitoring: Monitoring report saved: /workspace/reports/monitoring-report.json
