[2025-10-14T22:19:20.010Z] [INFO] 🚀 Smart Git Integration Agent started
[2025-10-14T22:19:20.013Z] [INFO] 🚀 Starting Smart Git Integration Agent...
[2025-10-14T22:19:20.013Z] [INFO] 📥 Fetching all remote branches...
[2025-10-14T22:19:20.013Z] [INFO] Executing: git fetch --all
[2025-10-14T22:19:20.391Z] [INFO] ✅ Command successful: git fetch --all
[2025-10-14T22:19:20.391Z] [INFO] ✅ All branches fetched successfully
[2025-10-14T22:19:20.392Z] [INFO] 🔍 Analyzing branches for unmerged commits...
[2025-10-14T22:19:20.392Z] [INFO] Executing: git branch -r --no-merged main
[2025-10-14T22:19:20.395Z] [INFO] ✅ Command successful: git branch -r --no-merged main
[2025-10-14T22:19:20.395Z] [INFO] Found 20 unmerged branches: cursor/clean-project-code-with-automated-fixes-abf2, cursor/comprehensive-code-review-and-optimization-f391, cursor/design-the-mueen-project-architecture-and-interfaces-3c77, cursor/enforce-dynamic-content-and-translations-257d, cursor/final-design-audit-and-completion-aa38, cursor/fix-project-errors-and-apply-consistent-styling-99ec, cursor/keep-tailscale-always-on-6ab6, cursor/open-session-d72e, cursor/optimize-performance-and-fix-errors-5305, cursor/process-and-analyze-user-data-for-recommendations-dcdd, cursor/process-data-for-a-8462, cursor/process-data-for-a-d3aa, cursor/process-data-with-rules-29ee, cursor/process-user-interaction-data-9173, cursor/project-cleanup-optimization-and-deployment-prep-6f95, cursor/redesign-nextjs-project-with-preline-ui-and-tailwind-css-05ad, cursor/revert-ui-to-original-color-design-and-fix-paths-9d57, cursor/setup-remote-development-environment-and-update-server-2dc0, cursor/setup-remote-development-environment-and-update-server-f62f, old-history
[2025-10-14T22:19:20.395Z] [INFO] 🌿 Creating auto-merge-main branch...
[2025-10-14T22:19:20.395Z] [INFO] Executing: git checkout main
[2025-10-14T22:19:20.436Z] [INFO] ✅ Command successful: git checkout main
[2025-10-14T22:19:20.437Z] [INFO] Executing: git checkout -B auto-merge-main
[2025-10-14T22:19:20.445Z] [INFO] ✅ Command successful: git checkout -B auto-merge-main
[2025-10-14T22:19:20.445Z] [INFO] ✅ Auto-merge branch created
[2025-10-14T22:19:20.445Z] [INFO] 🔄 Smart merging branch: cursor/clean-project-code-with-automated-fixes-abf2
[2025-10-14T22:19:20.445Z] [INFO] Executing: git merge origin/cursor/clean-project-code-with-automated-fixes-abf2 --no-ff -m "Smart auto-merge: cursor/clean-project-code-with-automated-fixes-abf2"
[2025-10-14T22:19:20.500Z] [INFO] ✅ Command successful: git merge origin/cursor/clean-project-code-with-automated-fixes-abf2 --no-ff -m "Smart auto-merge: cursor/clean-project-code-with-automated-fixes-abf2"
[2025-10-14T22:19:20.500Z] [INFO] ✅ Successfully merged: cursor/clean-project-code-with-automated-fixes-abf2
[2025-10-14T22:19:20.500Z] [INFO] 🔄 Smart merging branch: cursor/comprehensive-code-review-and-optimization-f391
[2025-10-14T22:19:20.500Z] [INFO] Executing: git merge origin/cursor/comprehensive-code-review-and-optimization-f391 --no-ff -m "Smart auto-merge: cursor/comprehensive-code-review-and-optimization-f391"
[2025-10-14T22:19:20.535Z] [ERROR] ❌ Command failed: git merge origin/cursor/comprehensive-code-review-and-optimization-f391 --no-ff -m "Smart auto-merge: cursor/comprehensive-code-review-and-optimization-f391" - Command failed: git merge origin/cursor/comprehensive-code-review-and-optimization-f391 --no-ff -m "Smart auto-merge: cursor/comprehensive-code-review-and-optimization-f391"
[2025-10-14T22:19:20.536Z] [WARN] ⚠️  Merge conflict detected for: cursor/comprehensive-code-review-and-optimization-f391
[2025-10-14T22:19:20.536Z] [INFO] 🔧 Resolving conflicts for: cursor/comprehensive-code-review-and-optimization-f391
[2025-10-14T22:19:20.536Z] [INFO] Executing: git diff --name-only --diff-filter=U
[2025-10-14T22:19:20.542Z] [INFO] ✅ Command successful: git diff --name-only --diff-filter=U
[2025-10-14T22:19:20.542Z] [INFO] Found 4 conflicted files: eslint.config.mjs, package-lock.json, src/lib/supabaseClient.ts, tsconfig.json
[2025-10-14T22:19:20.542Z] [INFO] 🔧 Resolving conflicts in: eslint.config.mjs
[2025-10-14T22:19:20.542Z] [INFO] ✅ Resolved conflicts in: eslint.config.mjs
[2025-10-14T22:19:20.542Z] [INFO] 🔧 Resolving conflicts in: package-lock.json
[2025-10-14T22:19:20.546Z] [INFO] ✅ Resolved conflicts in: package-lock.json
[2025-10-14T22:19:20.546Z] [INFO] 🔧 Resolving conflicts in: src/lib/supabaseClient.ts
[2025-10-14T22:19:20.546Z] [INFO] ✅ Resolved conflicts in: src/lib/supabaseClient.ts
[2025-10-14T22:19:20.546Z] [INFO] 🔧 Resolving conflicts in: tsconfig.json
[2025-10-14T22:19:20.546Z] [INFO] ✅ Resolved conflicts in: tsconfig.json
[2025-10-14T22:19:20.547Z] [INFO] Executing: git add .
[2025-10-14T22:19:20.559Z] [INFO] ✅ Command successful: git add .
[2025-10-14T22:19:20.559Z] [INFO] Executing: git commit --no-edit
[2025-10-14T22:19:20.569Z] [INFO] ✅ Command successful: git commit --no-edit
[2025-10-14T22:19:20.569Z] [INFO] ✅ Conflicts resolved for: cursor/comprehensive-code-review-and-optimization-f391
[2025-10-14T22:19:20.569Z] [INFO] 🔄 Smart merging branch: cursor/design-the-mueen-project-architecture-and-interfaces-3c77
[2025-10-14T22:19:20.569Z] [INFO] Executing: git merge origin/cursor/design-the-mueen-project-architecture-and-interfaces-3c77 --no-ff -m "Smart auto-merge: cursor/design-the-mueen-project-architecture-and-interfaces-3c77"
[2025-10-14T22:19:20.572Z] [ERROR] ❌ Command failed: git merge origin/cursor/design-the-mueen-project-architecture-and-interfaces-3c77 --no-ff -m "Smart auto-merge: cursor/design-the-mueen-project-architecture-and-interfaces-3c77" - Command failed: git merge origin/cursor/design-the-mueen-project-architecture-and-interfaces-3c77 --no-ff -m "Smart auto-merge: cursor/design-the-mueen-project-architecture-and-interfaces-3c77"
fatal: refusing to merge unrelated histories

[2025-10-14T22:19:20.572Z] [WARN] ⚠️  Merge conflict detected for: cursor/design-the-mueen-project-architecture-and-interfaces-3c77
[2025-10-14T22:19:20.572Z] [INFO] 🔧 Resolving conflicts for: cursor/design-the-mueen-project-architecture-and-interfaces-3c77
[2025-10-14T22:19:20.572Z] [INFO] Executing: git diff --name-only --diff-filter=U
[2025-10-14T22:19:20.580Z] [INFO] ✅ Command successful: git diff --name-only --diff-filter=U
[2025-10-14T22:19:20.580Z] [INFO] No conflicted files found
[2025-10-14T22:19:20.580Z] [INFO] 🔄 Smart merging branch: cursor/enforce-dynamic-content-and-translations-257d
[2025-10-14T22:19:20.580Z] [INFO] Executing: git merge origin/cursor/enforce-dynamic-content-and-translations-257d --no-ff -m "Smart auto-merge: cursor/enforce-dynamic-content-and-translations-257d"
[2025-10-14T22:19:20.652Z] [INFO] ✅ Command successful: git merge origin/cursor/enforce-dynamic-content-and-translations-257d --no-ff -m "Smart auto-merge: cursor/enforce-dynamic-content-and-translations-257d"
[2025-10-14T22:19:20.652Z] [INFO] ✅ Successfully merged: cursor/enforce-dynamic-content-and-translations-257d
[2025-10-14T22:19:20.653Z] [INFO] 🔄 Smart merging branch: cursor/final-design-audit-and-completion-aa38
[2025-10-14T22:19:20.653Z] [INFO] Executing: git merge origin/cursor/final-design-audit-and-completion-aa38 --no-ff -m "Smart auto-merge: cursor/final-design-audit-and-completion-aa38"
[2025-10-14T22:19:20.656Z] [ERROR] ❌ Command failed: git merge origin/cursor/final-design-audit-and-completion-aa38 --no-ff -m "Smart auto-merge: cursor/final-design-audit-and-completion-aa38" - Command failed: git merge origin/cursor/final-design-audit-and-completion-aa38 --no-ff -m "Smart auto-merge: cursor/final-design-audit-and-completion-aa38"
fatal: refusing to merge unrelated histories

[2025-10-14T22:19:20.656Z] [WARN] ⚠️  Merge conflict detected for: cursor/final-design-audit-and-completion-aa38
[2025-10-14T22:19:20.656Z] [INFO] 🔧 Resolving conflicts for: cursor/final-design-audit-and-completion-aa38
[2025-10-14T22:19:20.656Z] [INFO] Executing: git diff --name-only --diff-filter=U
[2025-10-14T22:19:20.669Z] [INFO] ✅ Command successful: git diff --name-only --diff-filter=U
[2025-10-14T22:19:20.669Z] [INFO] No conflicted files found
[2025-10-14T22:19:20.669Z] [INFO] 🔄 Smart merging branch: cursor/fix-project-errors-and-apply-consistent-styling-99ec
[2025-10-14T22:19:20.670Z] [INFO] Executing: git merge origin/cursor/fix-project-errors-and-apply-consistent-styling-99ec --no-ff -m "Smart auto-merge: cursor/fix-project-errors-and-apply-consistent-styling-99ec"
[2025-10-14T22:19:20.744Z] [ERROR] ❌ Command failed: git merge origin/cursor/fix-project-errors-and-apply-consistent-styling-99ec --no-ff -m "Smart auto-merge: cursor/fix-project-errors-and-apply-consistent-styling-99ec" - Command failed: git merge origin/cursor/fix-project-errors-and-apply-consistent-styling-99ec --no-ff -m "Smart auto-merge: cursor/fix-project-errors-and-apply-consistent-styling-99ec"
[2025-10-14T22:19:20.745Z] [WARN] ⚠️  Merge conflict detected for: cursor/fix-project-errors-and-apply-consistent-styling-99ec
[2025-10-14T22:19:20.745Z] [INFO] 🔧 Resolving conflicts for: cursor/fix-project-errors-and-apply-consistent-styling-99ec
[2025-10-14T22:19:20.745Z] [INFO] Executing: git diff --name-only --diff-filter=U
[2025-10-14T22:19:20.769Z] [INFO] ✅ Command successful: git diff --name-only --diff-filter=U
[2025-10-14T22:19:20.769Z] [INFO] Found 13 conflicted files: package-lock.json, package.json, src/app/admin/dashboard/page.tsx, src/app/approvals/page.tsx, src/app/chatbot/templates/[id]/page.tsx, src/app/globals.css, src/app/insurance/page.tsx, src/app/login/page.tsx, src/app/medical-file/page.tsx, src/lib/router.ts, src/lib/security-enhanced.ts, src/lib/supabase-real.ts, src/styles/components.css
[2025-10-14T22:19:20.769Z] [INFO] 🔧 Resolving conflicts in: package-lock.json
[2025-10-14T22:19:20.774Z] [INFO] ✅ Resolved conflicts in: package-lock.json
[2025-10-14T22:19:20.774Z] [INFO] 🔧 Resolving conflicts in: package.json
[2025-10-14T22:19:20.774Z] [INFO] ✅ Resolved conflicts in: package.json
[2025-10-14T22:19:20.774Z] [INFO] 🔧 Resolving conflicts in: src/app/admin/dashboard/page.tsx
[2025-10-14T22:19:20.774Z] [INFO] ✅ Resolved conflicts in: src/app/admin/dashboard/page.tsx
[2025-10-14T22:19:20.774Z] [INFO] 🔧 Resolving conflicts in: src/app/approvals/page.tsx
[2025-10-14T22:19:20.774Z] [INFO] ✅ Resolved conflicts in: src/app/approvals/page.tsx
[2025-10-14T22:19:20.774Z] [INFO] 🔧 Resolving conflicts in: src/app/chatbot/templates/[id]/page.tsx
[2025-10-14T22:19:20.775Z] [INFO] ✅ Resolved conflicts in: src/app/chatbot/templates/[id]/page.tsx
[2025-10-14T22:19:20.775Z] [INFO] 🔧 Resolving conflicts in: src/app/globals.css
[2025-10-14T22:19:20.775Z] [INFO] ✅ Resolved conflicts in: src/app/globals.css
[2025-10-14T22:19:20.775Z] [INFO] 🔧 Resolving conflicts in: src/app/insurance/page.tsx
[2025-10-14T22:19:20.775Z] [INFO] ✅ Resolved conflicts in: src/app/insurance/page.tsx
[2025-10-14T22:19:20.775Z] [INFO] 🔧 Resolving conflicts in: src/app/login/page.tsx
[2025-10-14T22:19:20.775Z] [INFO] ✅ Resolved conflicts in: src/app/login/page.tsx
[2025-10-14T22:19:20.775Z] [INFO] 🔧 Resolving conflicts in: src/app/medical-file/page.tsx
[2025-10-14T22:19:20.775Z] [INFO] ✅ Resolved conflicts in: src/app/medical-file/page.tsx
[2025-10-14T22:19:20.775Z] [INFO] 🔧 Resolving conflicts in: src/lib/router.ts
[2025-10-14T22:19:20.775Z] [INFO] ✅ Resolved conflicts in: src/lib/router.ts
[2025-10-14T22:19:20.775Z] [INFO] 🔧 Resolving conflicts in: src/lib/security-enhanced.ts
[2025-10-14T22:19:20.776Z] [INFO] ✅ Resolved conflicts in: src/lib/security-enhanced.ts
[2025-10-14T22:19:20.776Z] [INFO] 🔧 Resolving conflicts in: src/lib/supabase-real.ts
[2025-10-14T22:19:20.776Z] [INFO] ✅ Resolved conflicts in: src/lib/supabase-real.ts
[2025-10-14T22:19:20.776Z] [INFO] 🔧 Resolving conflicts in: src/styles/components.css
[2025-10-14T22:19:20.776Z] [INFO] ✅ Resolved conflicts in: src/styles/components.css
[2025-10-14T22:19:20.776Z] [INFO] Executing: git add .
