[2025-10-10T15:41:53.157Z] [INFO] Continuous AI Loop: Starting Continuous AI Loop...
[2025-10-10T15:41:53.160Z] [INFO] Continuous AI Loop: Initializing Continuous AI Loop...
[2025-10-10T15:41:53.161Z] [INFO] Continuous AI Loop: Learning data initialized
[2025-10-10T15:41:53.161Z] [INFO] Continuous AI Loop: Continuous AI Loop initialized
[2025-10-10T15:41:53.161Z] [INFO] Continuous AI Loop: Starting cycle 1...
[2025-10-10T15:41:53.161Z] [INFO] Continuous AI Loop: Running master execution...
[2025-10-10T15:41:53.162Z] [INFO] Continuous AI Loop: Executing module: File Cleanup
[2025-10-10T15:41:53.241Z] [INFO] Continuous AI Loop: Executing module: N8n Workflow
[2025-10-10T15:41:55.292Z] [INFO] Continuous AI Loop: Executing module: Social Media
[2025-10-10T15:41:55.335Z] [INFO] Continuous AI Loop: Executing module: Admin Module
[2025-10-10T15:41:55.379Z] [INFO] Continuous AI Loop: Executing module: Enhancements
[2025-10-10T15:41:55.422Z] [WARN] Continuous AI Loop: Module Enhancements failed, attempting self-healing...
[2025-10-10T15:41:55.422Z] [INFO] Continuous AI Loop: Detecting and fixing errors...
[2025-10-10T15:41:55.422Z] [INFO] Continuous AI Loop: Detecting and fixing errors...
[2025-10-10T15:41:55.422Z] [INFO] Continuous AI Loop: Optimizing performance...
[2025-10-10T15:41:55.423Z] [INFO] Continuous AI Loop: Optimizing process management...
[2025-10-10T15:41:55.423Z] [INFO] Continuous AI Loop: Running verification loop...
[2025-10-10T15:41:55.423Z] [INFO] Continuous AI Loop: Executing module: Verification
[2025-10-10T15:41:55.462Z] [INFO] Continuous AI Loop: Generating cycle report...
[2025-10-10T15:41:55.462Z] [INFO] Continuous AI Loop: Cycle report saved: /workspace/reports/cycle-1-report.json
[2025-10-10T15:41:55.463Z] [INFO] Continuous AI Loop: Cycle 1 completed in 2301ms
[2025-10-10T15:41:55.463Z] [INFO] Continuous AI Loop: Waiting 5 minutes before next cycle...
[2025-10-10T15:46:55.537Z] [INFO] Continuous AI Loop: Starting cycle 2...
[2025-10-10T15:46:55.538Z] [INFO] Continuous AI Loop: Running master execution...
[2025-10-10T15:46:55.538Z] [INFO] Continuous AI Loop: Executing module: File Cleanup
[2025-10-10T15:46:55.606Z] [INFO] Continuous AI Loop: Executing module: N8n Workflow
[2025-10-10T15:46:57.649Z] [INFO] Continuous AI Loop: Executing module: Social Media
[2025-10-10T15:46:57.691Z] [INFO] Continuous AI Loop: Executing module: Admin Module
[2025-10-10T15:46:57.730Z] [INFO] Continuous AI Loop: Executing module: Enhancements
[2025-10-10T15:46:57.769Z] [WARN] Continuous AI Loop: Module Enhancements failed, attempting self-healing...
[2025-10-10T15:46:57.769Z] [INFO] Continuous AI Loop: Detecting and fixing errors...
[2025-10-10T15:46:57.769Z] [INFO] Continuous AI Loop: Detecting and fixing errors...
[2025-10-10T15:46:57.769Z] [INFO] Continuous AI Loop: Optimizing performance...
[2025-10-10T15:46:57.770Z] [INFO] Continuous AI Loop: Optimizing process management...
[2025-10-10T15:46:57.770Z] [INFO] Continuous AI Loop: Running verification loop...
[2025-10-10T15:46:57.770Z] [INFO] Continuous AI Loop: Executing module: Verification
[2025-10-10T15:46:57.812Z] [INFO] Continuous AI Loop: Generating cycle report...
[2025-10-10T15:46:57.813Z] [INFO] Continuous AI Loop: Cycle report saved: /workspace/reports/cycle-2-report.json
[2025-10-10T15:46:57.813Z] [INFO] Continuous AI Loop: Cycle 2 completed in 2276ms
[2025-10-10T15:46:57.813Z] [INFO] Continuous AI Loop: Waiting 5 minutes before next cycle...
[2025-10-10T15:51:57.872Z] [INFO] Continuous AI Loop: Starting cycle 3...
[2025-10-10T15:51:57.873Z] [INFO] Continuous AI Loop: Running master execution...
[2025-10-10T15:51:57.873Z] [INFO] Continuous AI Loop: Executing module: File Cleanup
[2025-10-10T15:51:57.947Z] [INFO] Continuous AI Loop: Executing module: N8n Workflow
[2025-10-10T15:51:59.993Z] [INFO] Continuous AI Loop: Executing module: Social Media
[2025-10-10T15:52:00.034Z] [INFO] Continuous AI Loop: Executing module: Admin Module
[2025-10-10T15:52:00.073Z] [INFO] Continuous AI Loop: Executing module: Enhancements
[2025-10-10T15:52:00.116Z] [WARN] Continuous AI Loop: Module Enhancements failed, attempting self-healing...
[2025-10-10T15:52:00.116Z] [INFO] Continuous AI Loop: Detecting and fixing errors...
[2025-10-10T15:52:00.116Z] [WARN] Continuous AI Loop: Detected recurring error: unknown_error (3 occurrences)
[2025-10-10T15:52:00.116Z] [INFO] Continuous AI Loop: Applying learned fix for: unknown_error
[2025-10-10T15:52:00.116Z] [INFO] Continuous AI Loop: Detecting and fixing errors...
[2025-10-10T15:52:00.116Z] [WARN] Continuous AI Loop: Detected recurring error: unknown_error (3 occurrences)
[2025-10-10T15:52:00.117Z] [INFO] Continuous AI Loop: Applying learned fix for: unknown_error
[2025-10-10T15:52:00.117Z] [INFO] Continuous AI Loop: Optimizing performance...
[2025-10-10T15:52:00.117Z] [INFO] Continuous AI Loop: Optimizing process management...
[2025-10-10T15:52:00.117Z] [INFO] Continuous AI Loop: Running verification loop...
[2025-10-10T15:52:00.117Z] [INFO] Continuous AI Loop: Executing module: Verification
[2025-10-10T15:52:00.159Z] [INFO] Continuous AI Loop: Generating cycle report...
[2025-10-10T15:52:00.159Z] [INFO] Continuous AI Loop: Cycle report saved: /workspace/reports/cycle-3-report.json
[2025-10-10T15:52:00.159Z] [INFO] Continuous AI Loop: Cycle 3 completed in 2287ms
[2025-10-10T15:52:00.160Z] [INFO] Continuous AI Loop: Waiting 5 minutes before next cycle...
[2025-10-10T15:57:00.261Z] [INFO] Continuous AI Loop: Starting cycle 4...
[2025-10-10T15:57:00.262Z] [INFO] Continuous AI Loop: Running master execution...
[2025-10-10T15:57:00.262Z] [INFO] Continuous AI Loop: Executing module: File Cleanup
[2025-10-10T15:57:00.340Z] [INFO] Continuous AI Loop: Executing module: N8n Workflow
[2025-10-10T15:57:02.386Z] [INFO] Continuous AI Loop: Executing module: Social Media
[2025-10-10T15:57:02.425Z] [INFO] Continuous AI Loop: Executing module: Admin Module
[2025-10-10T15:57:02.470Z] [INFO] Continuous AI Loop: Executing module: Enhancements
[2025-10-10T15:57:02.510Z] [WARN] Continuous AI Loop: Module Enhancements failed, attempting self-healing...
[2025-10-10T15:57:02.510Z] [INFO] Continuous AI Loop: Detecting and fixing errors...
[2025-10-10T15:57:02.510Z] [WARN] Continuous AI Loop: Detected recurring error: unknown_error (4 occurrences)
[2025-10-10T15:57:02.510Z] [INFO] Continuous AI Loop: Applying learned fix for: unknown_error
[2025-10-10T15:57:02.510Z] [INFO] Continuous AI Loop: Detecting and fixing errors...
[2025-10-10T15:57:02.510Z] [WARN] Continuous AI Loop: Detected recurring error: unknown_error (4 occurrences)
[2025-10-10T15:57:02.510Z] [INFO] Continuous AI Loop: Applying learned fix for: unknown_error
[2025-10-10T15:57:02.510Z] [INFO] Continuous AI Loop: Optimizing performance...
[2025-10-10T15:57:02.511Z] [INFO] Continuous AI Loop: Optimizing process management...
[2025-10-10T15:57:02.511Z] [INFO] Continuous AI Loop: Running verification loop...
[2025-10-10T15:57:02.511Z] [INFO] Continuous AI Loop: Executing module: Verification
[2025-10-10T15:57:02.551Z] [INFO] Continuous AI Loop: Generating cycle report...
[2025-10-10T15:57:02.552Z] [INFO] Continuous AI Loop: Cycle report saved: /workspace/reports/cycle-4-report.json
[2025-10-10T15:57:02.552Z] [INFO] Continuous AI Loop: Cycle 4 completed in 2291ms
[2025-10-10T15:57:02.552Z] [INFO] Continuous AI Loop: Waiting 5 minutes before next cycle...
[2025-10-10T16:02:02.649Z] [INFO] Continuous AI Loop: Starting cycle 5...
[2025-10-10T16:02:02.650Z] [INFO] Continuous AI Loop: Running master execution...
[2025-10-10T16:02:02.650Z] [INFO] Continuous AI Loop: Executing module: File Cleanup
[2025-10-10T16:02:02.718Z] [INFO] Continuous AI Loop: Executing module: N8n Workflow
[2025-10-10T16:02:04.760Z] [INFO] Continuous AI Loop: Executing module: Social Media
[2025-10-10T16:02:04.801Z] [INFO] Continuous AI Loop: Executing module: Admin Module
[2025-10-10T16:02:04.841Z] [INFO] Continuous AI Loop: Executing module: Enhancements
[2025-10-10T16:02:04.879Z] [WARN] Continuous AI Loop: Module Enhancements failed, attempting self-healing...
[2025-10-10T16:02:04.879Z] [INFO] Continuous AI Loop: Detecting and fixing errors...
[2025-10-10T16:02:04.879Z] [WARN] Continuous AI Loop: Detected recurring error: unknown_error (5 occurrences)
[2025-10-10T16:02:04.879Z] [INFO] Continuous AI Loop: Applying learned fix for: unknown_error
[2025-10-10T16:02:04.879Z] [INFO] Continuous AI Loop: Detecting and fixing errors...
[2025-10-10T16:02:04.879Z] [WARN] Continuous AI Loop: Detected recurring error: unknown_error (5 occurrences)
[2025-10-10T16:02:04.879Z] [INFO] Continuous AI Loop: Applying learned fix for: unknown_error
[2025-10-10T16:02:04.879Z] [INFO] Continuous AI Loop: Optimizing performance...
[2025-10-10T16:02:04.880Z] [INFO] Continuous AI Loop: Optimizing process management...
[2025-10-10T16:02:04.880Z] [INFO] Continuous AI Loop: Running verification loop...
[2025-10-10T16:02:04.880Z] [INFO] Continuous AI Loop: Executing module: Verification
[2025-10-10T16:02:04.920Z] [INFO] Continuous AI Loop: Generating cycle report...
[2025-10-10T16:02:04.920Z] [INFO] Continuous AI Loop: Cycle report saved: /workspace/reports/cycle-5-report.json
[2025-10-10T16:02:04.920Z] [INFO] Continuous AI Loop: Cycle 5 completed in 2271ms
[2025-10-10T16:02:04.920Z] [INFO] Continuous AI Loop: Waiting 5 minutes before next cycle...
[2025-10-10T16:07:04.985Z] [INFO] Continuous AI Loop: Starting cycle 6...
[2025-10-10T16:07:04.985Z] [INFO] Continuous AI Loop: Running master execution...
[2025-10-10T16:07:04.985Z] [INFO] Continuous AI Loop: Executing module: File Cleanup
[2025-10-10T16:07:05.053Z] [INFO] Continuous AI Loop: Executing module: N8n Workflow
[2025-10-10T16:07:07.096Z] [INFO] Continuous AI Loop: Executing module: Social Media
[2025-10-10T16:07:07.135Z] [INFO] Continuous AI Loop: Executing module: Admin Module
[2025-10-10T16:07:07.175Z] [INFO] Continuous AI Loop: Executing module: Enhancements
[2025-10-10T16:07:07.212Z] [WARN] Continuous AI Loop: Module Enhancements failed, attempting self-healing...
[2025-10-10T16:07:07.212Z] [INFO] Continuous AI Loop: Detecting and fixing errors...
[2025-10-10T16:07:07.212Z] [WARN] Continuous AI Loop: Detected recurring error: unknown_error (6 occurrences)
[2025-10-10T16:07:07.212Z] [INFO] Continuous AI Loop: Applying learned fix for: unknown_error
[2025-10-10T16:07:07.213Z] [INFO] Continuous AI Loop: Detecting and fixing errors...
[2025-10-10T16:07:07.213Z] [WARN] Continuous AI Loop: Detected recurring error: unknown_error (6 occurrences)
[2025-10-10T16:07:07.213Z] [INFO] Continuous AI Loop: Applying learned fix for: unknown_error
[2025-10-10T16:07:07.213Z] [INFO] Continuous AI Loop: Optimizing performance...
[2025-10-10T16:07:07.213Z] [INFO] Continuous AI Loop: Optimizing process management...
[2025-10-10T16:07:07.213Z] [INFO] Continuous AI Loop: Running verification loop...
[2025-10-10T16:07:07.213Z] [INFO] Continuous AI Loop: Executing module: Verification
[2025-10-10T16:07:07.258Z] [INFO] Continuous AI Loop: Generating cycle report...
[2025-10-10T16:07:07.259Z] [INFO] Continuous AI Loop: Cycle report saved: /workspace/reports/cycle-6-report.json
[2025-10-10T16:07:07.259Z] [INFO] Continuous AI Loop: Cycle 6 completed in 2274ms
[2025-10-10T16:07:07.259Z] [INFO] Continuous AI Loop: Waiting 5 minutes before next cycle...
[2025-10-10T16:12:07.298Z] [INFO] Continuous AI Loop: Starting cycle 7...
[2025-10-10T16:12:07.299Z] [INFO] Continuous AI Loop: Running master execution...
[2025-10-10T16:12:07.299Z] [INFO] Continuous AI Loop: Executing module: File Cleanup
[2025-10-10T16:12:07.366Z] [INFO] Continuous AI Loop: Executing module: N8n Workflow
[2025-10-10T16:12:09.409Z] [INFO] Continuous AI Loop: Executing module: Social Media
[2025-10-10T16:12:09.448Z] [INFO] Continuous AI Loop: Executing module: Admin Module
[2025-10-10T16:12:09.486Z] [INFO] Continuous AI Loop: Executing module: Enhancements
[2025-10-10T16:12:09.528Z] [WARN] Continuous AI Loop: Module Enhancements failed, attempting self-healing...
[2025-10-10T16:12:09.529Z] [INFO] Continuous AI Loop: Detecting and fixing errors...
[2025-10-10T16:12:09.529Z] [WARN] Continuous AI Loop: Detected recurring error: unknown_error (7 occurrences)
[2025-10-10T16:12:09.529Z] [INFO] Continuous AI Loop: Applying learned fix for: unknown_error
[2025-10-10T16:12:09.529Z] [INFO] Continuous AI Loop: Detecting and fixing errors...
[2025-10-10T16:12:09.529Z] [WARN] Continuous AI Loop: Detected recurring error: unknown_error (7 occurrences)
[2025-10-10T16:12:09.529Z] [INFO] Continuous AI Loop: Applying learned fix for: unknown_error
[2025-10-10T16:12:09.529Z] [INFO] Continuous AI Loop: Optimizing performance...
[2025-10-10T16:12:09.530Z] [INFO] Continuous AI Loop: Optimizing process management...
[2025-10-10T16:12:09.530Z] [INFO] Continuous AI Loop: Running verification loop...
[2025-10-10T16:12:09.530Z] [INFO] Continuous AI Loop: Executing module: Verification
[2025-10-10T16:12:09.572Z] [INFO] Continuous AI Loop: Generating cycle report...
[2025-10-10T16:12:09.572Z] [INFO] Continuous AI Loop: Cycle report saved: /workspace/reports/cycle-7-report.json
[2025-10-10T16:12:09.572Z] [INFO] Continuous AI Loop: Cycle 7 completed in 2274ms
[2025-10-10T16:12:09.573Z] [INFO] Continuous AI Loop: Waiting 5 minutes before next cycle...
[2025-10-10T16:17:09.619Z] [INFO] Continuous AI Loop: Starting cycle 8...
[2025-10-10T16:17:09.620Z] [INFO] Continuous AI Loop: Running master execution...
[2025-10-10T16:17:09.620Z] [INFO] Continuous AI Loop: Executing module: File Cleanup
[2025-10-10T16:17:09.692Z] [INFO] Continuous AI Loop: Executing module: N8n Workflow
[2025-10-10T16:17:11.735Z] [INFO] Continuous AI Loop: Executing module: Social Media
[2025-10-10T16:17:11.773Z] [INFO] Continuous AI Loop: Executing module: Admin Module
[2025-10-10T16:17:11.811Z] [INFO] Continuous AI Loop: Executing module: Enhancements
[2025-10-10T16:17:11.850Z] [WARN] Continuous AI Loop: Module Enhancements failed, attempting self-healing...
[2025-10-10T16:17:11.850Z] [INFO] Continuous AI Loop: Detecting and fixing errors...
[2025-10-10T16:17:11.850Z] [WARN] Continuous AI Loop: Detected recurring error: unknown_error (8 occurrences)
[2025-10-10T16:17:11.850Z] [INFO] Continuous AI Loop: Applying learned fix for: unknown_error
[2025-10-10T16:17:11.851Z] [INFO] Continuous AI Loop: Detecting and fixing errors...
[2025-10-10T16:17:11.851Z] [WARN] Continuous AI Loop: Detected recurring error: unknown_error (8 occurrences)
[2025-10-10T16:17:11.851Z] [INFO] Continuous AI Loop: Applying learned fix for: unknown_error
[2025-10-10T16:17:11.851Z] [INFO] Continuous AI Loop: Optimizing performance...
[2025-10-10T16:17:11.851Z] [INFO] Continuous AI Loop: Optimizing process management...
[2025-10-10T16:17:11.851Z] [INFO] Continuous AI Loop: Running verification loop...
[2025-10-10T16:17:11.851Z] [INFO] Continuous AI Loop: Executing module: Verification
[2025-10-10T16:17:11.889Z] [INFO] Continuous AI Loop: Generating cycle report...
[2025-10-10T16:17:11.890Z] [INFO] Continuous AI Loop: Cycle report saved: /workspace/reports/cycle-8-report.json
[2025-10-10T16:17:11.890Z] [INFO] Continuous AI Loop: Cycle 8 completed in 2271ms
[2025-10-10T16:17:11.890Z] [INFO] Continuous AI Loop: Waiting 5 minutes before next cycle...
[2025-10-10T16:22:11.917Z] [INFO] Continuous AI Loop: Starting cycle 9...
[2025-10-10T16:22:11.917Z] [INFO] Continuous AI Loop: Running master execution...
[2025-10-10T16:22:11.918Z] [INFO] Continuous AI Loop: Executing module: File Cleanup
[2025-10-10T16:22:11.984Z] [INFO] Continuous AI Loop: Executing module: N8n Workflow
[2025-10-10T16:22:14.028Z] [INFO] Continuous AI Loop: Executing module: Social Media
[2025-10-10T16:22:14.069Z] [INFO] Continuous AI Loop: Executing module: Admin Module
[2025-10-10T16:22:14.109Z] [INFO] Continuous AI Loop: Executing module: Enhancements
[2025-10-10T16:22:14.146Z] [WARN] Continuous AI Loop: Module Enhancements failed, attempting self-healing...
[2025-10-10T16:22:14.146Z] [INFO] Continuous AI Loop: Detecting and fixing errors...
[2025-10-10T16:22:14.146Z] [WARN] Continuous AI Loop: Detected recurring error: unknown_error (9 occurrences)
[2025-10-10T16:22:14.146Z] [INFO] Continuous AI Loop: Applying learned fix for: unknown_error
[2025-10-10T16:22:14.146Z] [INFO] Continuous AI Loop: Detecting and fixing errors...
[2025-10-10T16:22:14.146Z] [WARN] Continuous AI Loop: Detected recurring error: unknown_error (9 occurrences)
[2025-10-10T16:22:14.146Z] [INFO] Continuous AI Loop: Applying learned fix for: unknown_error
[2025-10-10T16:22:14.146Z] [INFO] Continuous AI Loop: Optimizing performance...
[2025-10-10T16:22:14.147Z] [INFO] Continuous AI Loop: Optimizing process management...
[2025-10-10T16:22:14.147Z] [INFO] Continuous AI Loop: Running verification loop...
[2025-10-10T16:22:14.147Z] [INFO] Continuous AI Loop: Executing module: Verification
[2025-10-10T16:22:14.184Z] [INFO] Continuous AI Loop: Generating cycle report...
[2025-10-10T16:22:14.184Z] [INFO] Continuous AI Loop: Cycle report saved: /workspace/reports/cycle-9-report.json
[2025-10-10T16:22:14.184Z] [INFO] Continuous AI Loop: Cycle 9 completed in 2267ms
[2025-10-10T16:22:14.184Z] [INFO] Continuous AI Loop: Waiting 5 minutes before next cycle...
[2025-10-10T16:27:14.286Z] [INFO] Continuous AI Loop: Starting cycle 10...
[2025-10-10T16:27:14.288Z] [INFO] Continuous AI Loop: Running master execution...
[2025-10-10T16:27:14.288Z] [INFO] Continuous AI Loop: Executing module: File Cleanup
[2025-10-10T16:27:14.372Z] [INFO] Continuous AI Loop: Executing module: N8n Workflow
[2025-10-10T16:27:16.422Z] [INFO] Continuous AI Loop: Executing module: Social Media
[2025-10-10T16:27:16.466Z] [INFO] Continuous AI Loop: Executing module: Admin Module
[2025-10-10T16:27:16.514Z] [INFO] Continuous AI Loop: Executing module: Enhancements
[2025-10-10T16:27:16.564Z] [WARN] Continuous AI Loop: Module Enhancements failed, attempting self-healing...
[2025-10-10T16:27:16.564Z] [INFO] Continuous AI Loop: Detecting and fixing errors...
[2025-10-10T16:27:16.565Z] [WARN] Continuous AI Loop: Detected recurring error: unknown_error (10 occurrences)
[2025-10-10T16:27:16.565Z] [INFO] Continuous AI Loop: Applying learned fix for: unknown_error
[2025-10-10T16:27:16.565Z] [INFO] Continuous AI Loop: Detecting and fixing errors...
[2025-10-10T16:27:16.565Z] [WARN] Continuous AI Loop: Detected recurring error: unknown_error (10 occurrences)
[2025-10-10T16:27:16.565Z] [INFO] Continuous AI Loop: Applying learned fix for: unknown_error
[2025-10-10T16:27:16.565Z] [INFO] Continuous AI Loop: Optimizing performance...
[2025-10-10T16:27:16.565Z] [INFO] Continuous AI Loop: Optimizing process management...
[2025-10-10T16:27:16.565Z] [INFO] Continuous AI Loop: Running verification loop...
[2025-10-10T16:27:16.565Z] [INFO] Continuous AI Loop: Executing module: Verification
[2025-10-10T16:27:16.617Z] [INFO] Continuous AI Loop: Generating cycle report...
[2025-10-10T16:27:16.618Z] [INFO] Continuous AI Loop: Cycle report saved: /workspace/reports/cycle-10-report.json
[2025-10-10T16:27:16.618Z] [INFO] Continuous AI Loop: Cycle 10 completed in 2332ms
[2025-10-10T16:27:16.618Z] [INFO] Continuous AI Loop: Waiting 5 minutes before next cycle...
[2025-10-10T16:32:16.711Z] [INFO] Continuous AI Loop: Starting cycle 11...
[2025-10-10T16:32:16.712Z] [INFO] Continuous AI Loop: Running master execution...
[2025-10-10T16:32:16.712Z] [INFO] Continuous AI Loop: Executing module: File Cleanup
[2025-10-10T16:32:16.799Z] [INFO] Continuous AI Loop: Executing module: N8n Workflow
[2025-10-10T16:32:18.848Z] [INFO] Continuous AI Loop: Executing module: Social Media
[2025-10-10T16:32:18.894Z] [INFO] Continuous AI Loop: Executing module: Admin Module
[2025-10-10T16:32:18.940Z] [INFO] Continuous AI Loop: Executing module: Enhancements
[2025-10-10T16:32:18.986Z] [WARN] Continuous AI Loop: Module Enhancements failed, attempting self-healing...
[2025-10-10T16:32:18.986Z] [INFO] Continuous AI Loop: Detecting and fixing errors...
[2025-10-10T16:32:18.986Z] [WARN] Continuous AI Loop: Detected recurring error: unknown_error (11 occurrences)
[2025-10-10T16:32:18.986Z] [INFO] Continuous AI Loop: Applying learned fix for: unknown_error
[2025-10-10T16:32:18.986Z] [INFO] Continuous AI Loop: Detecting and fixing errors...
[2025-10-10T16:32:18.986Z] [WARN] Continuous AI Loop: Detected recurring error: unknown_error (11 occurrences)
[2025-10-10T16:32:18.986Z] [INFO] Continuous AI Loop: Applying learned fix for: unknown_error
[2025-10-10T16:32:18.986Z] [INFO] Continuous AI Loop: Optimizing performance...
[2025-10-10T16:32:18.987Z] [INFO] Continuous AI Loop: Optimizing process management...
[2025-10-10T16:32:18.987Z] [INFO] Continuous AI Loop: Running verification loop...
[2025-10-10T16:32:18.987Z] [INFO] Continuous AI Loop: Executing module: Verification
[2025-10-10T16:32:19.034Z] [INFO] Continuous AI Loop: Generating cycle report...
[2025-10-10T16:32:19.034Z] [INFO] Continuous AI Loop: Cycle report saved: /workspace/reports/cycle-11-report.json
[2025-10-10T16:32:19.034Z] [INFO] Continuous AI Loop: Cycle 11 completed in 2323ms
[2025-10-10T16:32:19.035Z] [INFO] Continuous AI Loop: Waiting 5 minutes before next cycle...
[2025-10-10T16:37:19.137Z] [INFO] Continuous AI Loop: Starting cycle 12...
[2025-10-10T16:37:19.138Z] [INFO] Continuous AI Loop: Running master execution...
[2025-10-10T16:37:19.138Z] [INFO] Continuous AI Loop: Executing module: File Cleanup
[2025-10-10T16:37:19.253Z] [INFO] Continuous AI Loop: Executing module: N8n Workflow
[2025-10-10T16:37:21.319Z] [INFO] Continuous AI Loop: Executing module: Social Media
[2025-10-10T16:37:21.390Z] [INFO] Continuous AI Loop: Executing module: Admin Module
[2025-10-10T16:37:21.482Z] [INFO] Continuous AI Loop: Executing module: Enhancements
[2025-10-10T16:37:21.544Z] [WARN] Continuous AI Loop: Module Enhancements failed, attempting self-healing...
[2025-10-10T16:37:21.544Z] [INFO] Continuous AI Loop: Detecting and fixing errors...
[2025-10-10T16:37:21.545Z] [WARN] Continuous AI Loop: Detected recurring error: unknown_error (12 occurrences)
[2025-10-10T16:37:21.545Z] [INFO] Continuous AI Loop: Applying learned fix for: unknown_error
[2025-10-10T16:37:21.545Z] [INFO] Continuous AI Loop: Detecting and fixing errors...
[2025-10-10T16:37:21.545Z] [WARN] Continuous AI Loop: Detected recurring error: unknown_error (12 occurrences)
[2025-10-10T16:37:21.545Z] [INFO] Continuous AI Loop: Applying learned fix for: unknown_error
[2025-10-10T16:37:21.545Z] [INFO] Continuous AI Loop: Optimizing performance...
[2025-10-10T16:37:21.546Z] [INFO] Continuous AI Loop: Optimizing process management...
[2025-10-10T16:37:21.546Z] [INFO] Continuous AI Loop: Running verification loop...
[2025-10-10T16:37:21.546Z] [INFO] Continuous AI Loop: Executing module: Verification
[2025-10-10T16:37:21.613Z] [INFO] Continuous AI Loop: Generating cycle report...
[2025-10-10T16:37:21.614Z] [INFO] Continuous AI Loop: Cycle report saved: /workspace/reports/cycle-12-report.json
[2025-10-10T16:37:21.614Z] [INFO] Continuous AI Loop: Cycle 12 completed in 2477ms
[2025-10-10T16:37:21.614Z] [INFO] Continuous AI Loop: Waiting 5 minutes before next cycle...
[2025-10-10T16:42:21.716Z] [INFO] Continuous AI Loop: Starting cycle 13...
[2025-10-10T16:42:21.717Z] [INFO] Continuous AI Loop: Running master execution...
[2025-10-10T16:42:21.718Z] [INFO] Continuous AI Loop: Executing module: File Cleanup
[2025-10-10T16:42:21.898Z] [INFO] Continuous AI Loop: Executing module: N8n Workflow
[2025-10-10T16:42:24.001Z] [INFO] Continuous AI Loop: Executing module: Social Media
[2025-10-10T16:42:24.092Z] [INFO] Continuous AI Loop: Executing module: Admin Module
[2025-10-10T16:42:24.189Z] [INFO] Continuous AI Loop: Executing module: Enhancements
[2025-10-10T16:42:24.296Z] [WARN] Continuous AI Loop: Module Enhancements failed, attempting self-healing...
[2025-10-10T16:42:24.296Z] [INFO] Continuous AI Loop: Detecting and fixing errors...
[2025-10-10T16:42:24.296Z] [WARN] Continuous AI Loop: Detected recurring error: unknown_error (13 occurrences)
[2025-10-10T16:42:24.296Z] [INFO] Continuous AI Loop: Applying learned fix for: unknown_error
[2025-10-10T16:42:24.296Z] [INFO] Continuous AI Loop: Detecting and fixing errors...
[2025-10-10T16:42:24.297Z] [WARN] Continuous AI Loop: Detected recurring error: unknown_error (13 occurrences)
[2025-10-10T16:42:24.297Z] [INFO] Continuous AI Loop: Applying learned fix for: unknown_error
[2025-10-10T16:42:24.297Z] [INFO] Continuous AI Loop: Optimizing performance...
[2025-10-10T16:42:24.297Z] [INFO] Continuous AI Loop: Optimizing process management...
[2025-10-10T16:42:24.297Z] [INFO] Continuous AI Loop: Running verification loop...
[2025-10-10T16:42:24.297Z] [INFO] Continuous AI Loop: Executing module: Verification
[2025-10-10T16:42:24.403Z] [INFO] Continuous AI Loop: Generating cycle report...
[2025-10-10T16:42:24.404Z] [INFO] Continuous AI Loop: Cycle report saved: /workspace/reports/cycle-13-report.json
[2025-10-10T16:42:24.404Z] [INFO] Continuous AI Loop: Cycle 13 completed in 2688ms
[2025-10-10T16:42:24.404Z] [INFO] Continuous AI Loop: Waiting 5 minutes before next cycle...
