[2025-10-10T15:35:08.114Z] Enhancements: Starting enhancements module...
[2025-10-10T15:35:08.120Z] Enhancements: Initializing Enhancements Module...
[2025-10-10T15:35:08.121Z] Enhancements: Enhancements configuration created
[2025-10-10T15:35:08.121Z] Enhancements: Enhancements Module initialized
[2025-10-10T15:35:08.122Z] Enhancements: Generating enhancements report...
[2025-10-10T15:35:08.122Z] Enhancements: Applying performance optimizations...
[2025-10-10T15:35:08.122Z] Enhancements: Enabling caching...
[2025-10-10T15:35:08.122Z] Enhancements: Caching configuration created
[2025-10-10T15:35:08.123Z] Enhancements: Enabling compression...
[2025-10-10T15:35:08.123Z] Enhancements: Performance optimization failed: ENOENT: no such file or directory, open '/workspace/middleware/compression.js'
[2025-10-10T15:35:08.123Z] Enhancements: Enabling error recovery...
[2025-10-10T15:35:08.124Z] Enhancements: Error recovery configuration created
[2025-10-10T15:35:08.124Z] Enhancements: Enabling real-time logging...
[2025-10-10T15:35:08.124Z] Enhancements: Real-time logging configuration created
[2025-10-10T15:35:08.124Z] Enhancements: Enabling health checks...
[2025-10-10T15:35:08.124Z] Enhancements: Health checks configuration created
[2025-10-10T15:35:08.124Z] Enhancements: Updating automation scripts...
[2025-10-10T15:35:08.125Z] Enhancements: Enhanced automation scripts created
[2025-10-10T15:41:55.407Z] Enhancements: Starting enhancements module...
[2025-10-10T15:41:55.413Z] Enhancements: Initializing Enhancements Module...
[2025-10-10T15:41:55.414Z] Enhancements: Enhancements Module initialized
[2025-10-10T15:41:55.414Z] Enhancements: Generating enhancements report...
[2025-10-10T15:41:55.414Z] Enhancements: Applying performance optimizations...
[2025-10-10T15:41:55.414Z] Enhancements: Enabling caching...
[2025-10-10T15:41:55.415Z] Enhancements: Caching configuration created
[2025-10-10T15:41:55.415Z] Enhancements: Enabling compression...
[2025-10-10T15:41:55.415Z] Enhancements: Performance optimization failed: ENOENT: no such file or directory, open '/workspace/middleware/compression.js'
[2025-10-10T15:41:55.416Z] Enhancements: Enabling error recovery...
[2025-10-10T15:41:55.416Z] Enhancements: Error recovery configuration created
[2025-10-10T15:41:55.416Z] Enhancements: Enabling real-time logging...
[2025-10-10T15:41:55.417Z] Enhancements: Real-time logging configuration created
[2025-10-10T15:41:55.417Z] Enhancements: Enabling health checks...
[2025-10-10T15:41:55.417Z] Enhancements: Health checks configuration created
[2025-10-10T15:41:55.417Z] Enhancements: Updating automation scripts...
[2025-10-10T15:41:55.417Z] Enhancements: Enhanced automation scripts created
