[2025-10-10T15:35:05.924Z] File Cleanup: Generating cleanup report...
[2025-10-10T15:35:05.931Z] File Cleanup: Starting file cleanup process...
[2025-10-10T15:35:05.931Z] File Cleanup: Directory does not exist: /workspace/temp
[2025-10-10T15:35:05.932Z] File Cleanup: Archiving important logs...
[2025-10-10T15:35:05.932Z] File Cleanup: Cleanup completed: 0 files deleted, 0 files archived
[2025-10-10T15:35:05.933Z] File Cleanup: Updating file index...
[2025-10-10T15:41:53.193Z] File Cleanup: Generating cleanup report...
[2025-10-10T15:41:53.200Z] File Cleanup: Starting file cleanup process...
[2025-10-10T15:41:53.202Z] File Cleanup: Archiving important logs...
[2025-10-10T15:41:53.202Z] File Cleanup: Cleanup completed: 0 files deleted, 0 files archived
[2025-10-10T15:41:53.202Z] File Cleanup: Updating file index...
[2025-10-10T15:41:53.222Z] File Cleanup: File index updated with 410 files and 178 directories
[2025-10-10T15:41:53.232Z] File Cleanup: Cleanup report saved to: /workspace/reports/file-cleanup-report.json
[2025-10-10T15:46:55.566Z] File Cleanup: Generating cleanup report...
[2025-10-10T15:46:55.572Z] File Cleanup: Starting file cleanup process...
[2025-10-10T15:46:55.573Z] File Cleanup: Archiving important logs...
[2025-10-10T15:46:55.574Z] File Cleanup: Cleanup completed: 0 files deleted, 0 files archived
[2025-10-10T15:46:55.574Z] File Cleanup: Updating file index...
[2025-10-10T15:46:55.591Z] File Cleanup: File index updated with 434 files and 183 directories
[2025-10-10T15:46:55.600Z] File Cleanup: Cleanup report saved to: /workspace/reports/file-cleanup-report.json
[2025-10-10T15:51:57.903Z] File Cleanup: Generating cleanup report...
[2025-10-10T15:51:57.909Z] File Cleanup: Starting file cleanup process...
[2025-10-10T15:51:57.911Z] File Cleanup: Archiving important logs...
[2025-10-10T15:51:57.911Z] File Cleanup: Cleanup completed: 0 files deleted, 0 files archived
[2025-10-10T15:51:57.911Z] File Cleanup: Updating file index...
[2025-10-10T15:51:57.930Z] File Cleanup: File index updated with 435 files and 183 directories
[2025-10-10T15:51:57.940Z] File Cleanup: Cleanup report saved to: /workspace/reports/file-cleanup-report.json
