[2025-10-10T16:15:51.694Z] [INFO] Hemmam AI Integration: Starting Hemmam Center AI Integration...
[2025-10-10T16:15:51.701Z] [INFO] Hemmam AI Integration: Initializing Hemmam Center AI Integration...
[2025-10-10T16:15:51.702Z] [INFO] Hemmam AI Integration: Configuration loaded successfully
[2025-10-10T16:15:51.703Z] [INFO] Hemmam AI Integration: Learning data initialized
[2025-10-10T16:15:51.703Z] [INFO] Hemmam AI Integration: Hemmam Center AI Integration initialized
[2025-10-10T16:15:51.703Z] [INFO] Hemmam AI Integration: Running Hemmam Center AI integration cycle...
[2025-10-10T16:15:51.703Z] [INFO] Hemmam AI Integration: Analyzing chatbot conversations...
[2025-10-10T16:15:51.704Z] [INFO] Hemmam AI Integration: Chatbot conversation analysis completed
[2025-10-10T16:15:51.704Z] [INFO] Hemmam AI Integration: Analyzing appointment patterns...
[2025-10-10T16:15:51.705Z] [INFO] Hemmam AI Integration: Appointment pattern analysis completed
[2025-10-10T16:15:51.705Z] [INFO] Hemmam AI Integration: Analyzing patient data...
[2025-10-10T16:15:51.706Z] [INFO] Hemmam AI Integration: Patient data analysis completed
[2025-10-10T16:15:51.706Z] [INFO] Hemmam AI Integration: Generating improvement recommendations...
[2025-10-10T16:15:51.706Z] [INFO] Hemmam AI Integration: Generated 3 improvement recommendations
[2025-10-10T16:15:51.707Z] [INFO] Hemmam AI Integration: Applying improvements...
[2025-10-10T16:15:51.707Z] [INFO] Hemmam AI Integration: Updating chatbot knowledge base...
[2025-10-10T16:15:51.707Z] [INFO] Hemmam AI Integration: Chatbot knowledge base updated
[2025-10-10T16:15:51.707Z] [INFO] Hemmam AI Integration: Optimizing appointment scheduling...
[2025-10-10T16:15:51.707Z] [INFO] Hemmam AI Integration: Appointment scheduling optimized
[2025-10-10T16:15:51.708Z] [INFO] Hemmam AI Integration: Developing specialized service: تحسين الخدمات لـ كرسي متحرك
[2025-10-10T16:15:51.708Z] [INFO] Hemmam AI Integration: Specialized service developed: تحسين الخدمات لـ كرسي متحرك
[2025-10-10T16:15:51.708Z] [INFO] Hemmam AI Integration: Applied 3 improvements
[2025-10-10T16:15:51.708Z] [INFO] Hemmam AI Integration: Generating Hemmam Center report...
[2025-10-10T16:15:51.709Z] [INFO] Hemmam AI Integration: Hemmam Center report saved: /workspace/reports/hemmam-center-report.json
[2025-10-10T16:15:51.709Z] [INFO] Hemmam AI Integration: Hemmam Center AI integration cycle completed successfully
