[2025-10-10T15:41:53.122Z] [INFO] Master AI Controller: Starting Master AI Controller...
[2025-10-10T15:41:53.126Z] [INFO] Master AI Controller: Initializing Master AI Controller...
[2025-10-10T15:41:53.127Z] [INFO] Master AI Controller: Master AI Controller initialized
[2025-10-10T15:41:53.127Z] [INFO] Master AI Controller: Starting all AI processes...
[2025-10-10T15:41:53.127Z] [INFO] Master AI Controller: Starting process: continuous-ai-loop
[2025-10-10T15:41:53.130Z] [INFO] Master AI Controller: Process continuous-ai-loop started with PID 7216
[2025-10-10T15:41:55.133Z] [INFO] Master AI Controller: Starting process: advanced-monitoring
[2025-10-10T15:41:55.136Z] [INFO] Master AI Controller: Process advanced-monitoring started with PID 7239
[2025-10-10T15:41:57.138Z] [INFO] Master AI Controller: Starting process: self-healing
[2025-10-10T15:41:57.140Z] [INFO] Master AI Controller: Process self-healing started with PID 7285
[2025-10-10T15:41:57.184Z] [WARN] Master AI Controller: Process self-healing exited with code 1
[2025-10-10T15:41:57.184Z] [INFO] Master AI Controller: Auto-restarting process: self-healing
[2025-10-10T15:41:59.143Z] [INFO] Master AI Controller: Starting process: ml-learning-engine
[2025-10-10T15:41:59.145Z] [INFO] Master AI Controller: Process ml-learning-engine started with PID 7292
[2025-10-10T15:42:01.147Z] [INFO] Master AI Controller: Starting process: sandbox-testing
[2025-10-10T15:42:01.150Z] [INFO] Master AI Controller: Process sandbox-testing started with PID 7299
[2025-10-10T15:42:02.186Z] [INFO] Master AI Controller: Starting process: self-healing
[2025-10-10T15:42:02.188Z] [INFO] Master AI Controller: Process self-healing started with PID 7313
[2025-10-10T15:42:02.236Z] [WARN] Master AI Controller: Process self-healing exited with code 1
[2025-10-10T15:42:02.236Z] [INFO] Master AI Controller: Auto-restarting process: self-healing
[2025-10-10T15:42:03.151Z] [INFO] Master AI Controller: Started 5/5 processes
[2025-10-10T15:42:03.151Z] [INFO] Master AI Controller: Starting master cycle 1...
[2025-10-10T15:42:03.152Z] [INFO] Master AI Controller: Monitoring processes...
[2025-10-10T15:42:03.152Z] [INFO] Master AI Controller: Running continuous AI loop...
[2025-10-10T15:42:04.154Z] [INFO] Master AI Controller: Running verification...
[2025-10-10T15:42:04.196Z] [INFO] Master AI Controller: Generating master report...
[2025-10-10T15:42:04.197Z] [INFO] Master AI Controller: Master report saved: /workspace/reports/master-ai-report.json
[2025-10-10T15:42:04.197Z] [INFO] Master AI Controller: Master cycle 1 completed in 1046ms
[2025-10-10T15:42:04.197Z] [INFO] Master AI Controller: Waiting 10 minutes before next master cycle...
[2025-10-10T15:42:07.239Z] [INFO] Master AI Controller: Starting process: self-healing
[2025-10-10T15:42:07.241Z] [INFO] Master AI Controller: Process self-healing started with PID 7327
[2025-10-10T15:42:07.289Z] [WARN] Master AI Controller: Process self-healing exited with code 1
[2025-10-10T15:42:07.289Z] [INFO] Master AI Controller: Auto-restarting process: self-healing
[2025-10-10T15:42:12.293Z] [INFO] Master AI Controller: Starting process: self-healing
[2025-10-10T15:42:12.296Z] [INFO] Master AI Controller: Process self-healing started with PID 7438
[2025-10-10T15:42:12.346Z] [WARN] Master AI Controller: Process self-healing exited with code 1
[2025-10-10T15:42:12.346Z] [INFO] Master AI Controller: Auto-restarting process: self-healing
[2025-10-10T15:42:17.352Z] [INFO] Master AI Controller: Starting process: self-healing
[2025-10-10T15:42:17.354Z] [INFO] Master AI Controller: Process self-healing started with PID 7474
[2025-10-10T15:42:17.402Z] [WARN] Master AI Controller: Process self-healing exited with code 1
[2025-10-10T15:42:17.402Z] [INFO] Master AI Controller: Auto-restarting process: self-healing
[2025-10-10T15:42:22.406Z] [INFO] Master AI Controller: Starting process: self-healing
[2025-10-10T15:42:22.409Z] [INFO] Master AI Controller: Process self-healing started with PID 7481
[2025-10-10T15:42:22.457Z] [WARN] Master AI Controller: Process self-healing exited with code 1
[2025-10-10T15:42:22.457Z] [INFO] Master AI Controller: Auto-restarting process: self-healing
[2025-10-10T15:42:27.463Z] [INFO] Master AI Controller: Starting process: self-healing
[2025-10-10T15:42:27.468Z] [INFO] Master AI Controller: Process self-healing started with PID 7556
[2025-10-10T15:42:27.529Z] [WARN] Master AI Controller: Process self-healing exited with code 1
[2025-10-10T15:42:27.529Z] [INFO] Master AI Controller: Auto-restarting process: self-healing
[2025-10-10T15:42:32.533Z] [INFO] Master AI Controller: Starting process: self-healing
[2025-10-10T15:42:32.535Z] [INFO] Master AI Controller: Process self-healing started with PID 7569
[2025-10-10T15:42:32.586Z] [WARN] Master AI Controller: Process self-healing exited with code 1
[2025-10-10T15:42:32.586Z] [INFO] Master AI Controller: Auto-restarting process: self-healing
[2025-10-10T15:42:37.588Z] [INFO] Master AI Controller: Starting process: self-healing
[2025-10-10T15:42:37.590Z] [INFO] Master AI Controller: Process self-healing started with PID 7576
[2025-10-10T15:42:37.637Z] [WARN] Master AI Controller: Process self-healing exited with code 1
[2025-10-10T15:42:37.637Z] [INFO] Master AI Controller: Auto-restarting process: self-healing
[2025-10-10T15:42:42.641Z] [INFO] Master AI Controller: Starting process: self-healing
[2025-10-10T15:42:42.643Z] [INFO] Master AI Controller: Process self-healing started with PID 7583
[2025-10-10T15:42:42.697Z] [WARN] Master AI Controller: Process self-healing exited with code 1
[2025-10-10T15:42:42.698Z] [INFO] Master AI Controller: Auto-restarting process: self-healing
[2025-10-10T15:42:47.703Z] [INFO] Master AI Controller: Starting process: self-healing
[2025-10-10T15:42:47.705Z] [INFO] Master AI Controller: Process self-healing started with PID 7590
[2025-10-10T15:42:47.752Z] [WARN] Master AI Controller: Process self-healing exited with code 1
[2025-10-10T15:42:47.752Z] [INFO] Master AI Controller: Auto-restarting process: self-healing
[2025-10-10T15:42:52.758Z] [INFO] Master AI Controller: Starting process: self-healing
[2025-10-10T15:42:52.760Z] [INFO] Master AI Controller: Process self-healing started with PID 7614
[2025-10-10T15:42:52.810Z] [WARN] Master AI Controller: Process self-healing exited with code 1
[2025-10-10T15:42:52.810Z] [INFO] Master AI Controller: Auto-restarting process: self-healing
