[2025-10-10T15:41:59.170Z] [INFO] ML Learning: Starting ML Learning Engine...
[2025-10-10T15:41:59.176Z] [INFO] ML Learning: Initializing ML Learning Engine...
[2025-10-10T15:41:59.176Z] [INFO] ML Learning: ML Learning Engine initialized
[2025-10-10T15:41:59.176Z] [INFO] ML Learning: Running learning cycle...
[2025-10-10T15:41:59.177Z] [INFO] ML Learning: Analyzing patterns...
[2025-10-10T15:41:59.177Z] [INFO] ML Learning: Pattern analysis completed
[2025-10-10T15:41:59.177Z] [INFO] ML Learning: Training ML model...
[2025-10-10T15:41:59.177Z] [WARN] ML Learning: Insufficient training data
[2025-10-10T15:41:59.177Z] [INFO] ML Learning: Generating recommendations...
[2025-10-10T15:41:59.178Z] [INFO] ML Learning: Learning cycle completed. Generated 0 recommendations
[2025-10-10T15:51:59.268Z] [INFO] ML Learning: Running learning cycle...
[2025-10-10T15:51:59.269Z] [INFO] ML Learning: Analyzing patterns...
[2025-10-10T15:51:59.270Z] [INFO] ML Learning: Pattern analysis completed
[2025-10-10T15:51:59.270Z] [INFO] ML Learning: Training ML model...
[2025-10-10T15:51:59.270Z] [WARN] ML Learning: Insufficient training data
[2025-10-10T15:51:59.270Z] [INFO] ML Learning: Generating recommendations...
[2025-10-10T15:51:59.270Z] [INFO] ML Learning: Learning cycle completed. Generated 0 recommendations
[2025-10-10T15:51:59.271Z] [INFO] ML Learning: Generating learning report...
[2025-10-10T15:51:59.271Z] [INFO] ML Learning: Generating recommendations...
[2025-10-10T15:51:59.271Z] [INFO] ML Learning: Learning report saved: /workspace/reports/ml-learning-report.json
[2025-10-10T16:01:59.368Z] [INFO] ML Learning: Running learning cycle...
[2025-10-10T16:01:59.369Z] [INFO] ML Learning: Analyzing patterns...
[2025-10-10T16:01:59.370Z] [INFO] ML Learning: Pattern analysis completed
[2025-10-10T16:01:59.370Z] [INFO] ML Learning: Training ML model...
[2025-10-10T16:01:59.370Z] [WARN] ML Learning: Insufficient training data
[2025-10-10T16:01:59.370Z] [INFO] ML Learning: Generating recommendations...
[2025-10-10T16:01:59.370Z] [INFO] ML Learning: Learning cycle completed. Generated 0 recommendations
[2025-10-10T16:01:59.370Z] [INFO] ML Learning: Generating learning report...
[2025-10-10T16:01:59.370Z] [INFO] ML Learning: Generating recommendations...
[2025-10-10T16:01:59.371Z] [INFO] ML Learning: Learning report saved: /workspace/reports/ml-learning-report.json
[2025-10-10T16:11:59.401Z] [INFO] ML Learning: Running learning cycle...
[2025-10-10T16:11:59.402Z] [INFO] ML Learning: Analyzing patterns...
[2025-10-10T16:11:59.403Z] [INFO] ML Learning: Pattern analysis completed
[2025-10-10T16:11:59.403Z] [INFO] ML Learning: Training ML model...
[2025-10-10T16:11:59.403Z] [WARN] ML Learning: Insufficient training data
[2025-10-10T16:11:59.403Z] [INFO] ML Learning: Generating recommendations...
[2025-10-10T16:11:59.403Z] [INFO] ML Learning: Learning cycle completed. Generated 0 recommendations
[2025-10-10T16:11:59.403Z] [INFO] ML Learning: Generating learning report...
[2025-10-10T16:11:59.403Z] [INFO] ML Learning: Generating recommendations...
[2025-10-10T16:11:59.404Z] [INFO] ML Learning: Learning report saved: /workspace/reports/ml-learning-report.json
[2025-10-10T16:21:59.420Z] [INFO] ML Learning: Running learning cycle...
[2025-10-10T16:21:59.421Z] [INFO] ML Learning: Analyzing patterns...
[2025-10-10T16:21:59.422Z] [INFO] ML Learning: Pattern analysis completed
[2025-10-10T16:21:59.422Z] [INFO] ML Learning: Training ML model...
[2025-10-10T16:21:59.422Z] [WARN] ML Learning: Insufficient training data
[2025-10-10T16:21:59.422Z] [INFO] ML Learning: Generating recommendations...
[2025-10-10T16:21:59.422Z] [INFO] ML Learning: Learning cycle completed. Generated 0 recommendations
[2025-10-10T16:21:59.422Z] [INFO] ML Learning: Generating learning report...
[2025-10-10T16:21:59.422Z] [INFO] ML Learning: Generating recommendations...
[2025-10-10T16:21:59.422Z] [INFO] ML Learning: Learning report saved: /workspace/reports/ml-learning-report.json
[2025-10-10T16:31:59.522Z] [INFO] ML Learning: Running learning cycle...
[2025-10-10T16:31:59.523Z] [INFO] ML Learning: Analyzing patterns...
[2025-10-10T16:31:59.523Z] [INFO] ML Learning: Pattern analysis completed
[2025-10-10T16:31:59.524Z] [INFO] ML Learning: Training ML model...
[2025-10-10T16:31:59.524Z] [WARN] ML Learning: Insufficient training data
[2025-10-10T16:31:59.524Z] [INFO] ML Learning: Generating recommendations...
[2025-10-10T16:31:59.524Z] [INFO] ML Learning: Learning cycle completed. Generated 0 recommendations
[2025-10-10T16:31:59.524Z] [INFO] ML Learning: Generating learning report...
[2025-10-10T16:31:59.524Z] [INFO] ML Learning: Generating recommendations...
[2025-10-10T16:31:59.524Z] [INFO] ML Learning: Learning report saved: /workspace/reports/ml-learning-report.json
[2025-10-10T16:41:59.623Z] [INFO] ML Learning: Running learning cycle...
[2025-10-10T16:41:59.624Z] [INFO] ML Learning: Analyzing patterns...
[2025-10-10T16:41:59.631Z] [INFO] ML Learning: Pattern analysis completed
[2025-10-10T16:41:59.631Z] [INFO] ML Learning: Training ML model...
[2025-10-10T16:41:59.631Z] [WARN] ML Learning: Insufficient training data
[2025-10-10T16:41:59.631Z] [INFO] ML Learning: Generating recommendations...
[2025-10-10T16:41:59.632Z] [INFO] ML Learning: Learning cycle completed. Generated 0 recommendations
[2025-10-10T16:41:59.632Z] [INFO] ML Learning: Generating learning report...
[2025-10-10T16:41:59.632Z] [INFO] ML Learning: Generating recommendations...
[2025-10-10T16:41:59.632Z] [INFO] ML Learning: Learning report saved: /workspace/reports/ml-learning-report.json
