[2025-10-10T15:35:05.985Z] N8n Workflow: Starting workflow management...
[2025-10-10T15:35:05.991Z] N8n Workflow: Initializing N8n Workflow Manager...
[2025-10-10T15:35:05.992Z] N8n Workflow: Created directory: n8n-workflows
[2025-10-10T15:35:05.992Z] N8n Workflow: Created directory: config
[2025-10-10T15:35:05.992Z] N8n Workflow: Created directory: temp
[2025-10-10T15:35:05.992Z] N8n Workflow: Default configuration created
[2025-10-10T15:35:05.993Z] N8n Workflow: N8n Workflow Manager initialized
[2025-10-10T15:35:05.993Z] N8n Workflow: Creating social media posting workflow...
[2025-10-10T15:35:05.993Z] N8n Workflow: Social media workflow created
[2025-10-10T15:35:05.994Z] N8n Workflow: Validating workflow...
[2025-10-10T15:35:05.994Z] N8n Workflow: Workflow validation passed
[2025-10-10T15:35:05.995Z] N8n Workflow: Running workflow dry test...
[2025-10-10T15:35:05.995Z] N8n Workflow: Dry test completed: 7 nodes tested, 0 errors found
[2025-10-10T15:35:05.995Z] N8n Workflow: Deploying workflow to N8n...
[2025-10-10T15:35:05.995Z] N8n Workflow: Deploying workflow "Social Media Auto Posting" to http://localhost:5678
[2025-10-10T15:35:07.998Z] N8n Workflow: Workflow deployed successfully
[2025-10-10T15:35:07.998Z] N8n Workflow: Workflow management completed successfully
[2025-10-10T15:41:53.274Z] N8n Workflow: Starting workflow management...
[2025-10-10T15:41:53.281Z] N8n Workflow: Initializing N8n Workflow Manager...
[2025-10-10T15:41:53.281Z] N8n Workflow: N8n Workflow Manager initialized
[2025-10-10T15:41:53.281Z] N8n Workflow: Creating social media posting workflow...
[2025-10-10T15:41:53.282Z] N8n Workflow: Social media workflow created
[2025-10-10T15:41:53.282Z] N8n Workflow: Validating workflow...
[2025-10-10T15:41:53.283Z] N8n Workflow: Workflow validation passed
[2025-10-10T15:41:53.283Z] N8n Workflow: Running workflow dry test...
[2025-10-10T15:41:53.283Z] N8n Workflow: Dry test completed: 7 nodes tested, 0 errors found
[2025-10-10T15:41:53.284Z] N8n Workflow: Deploying workflow to N8n...
[2025-10-10T15:41:53.284Z] N8n Workflow: Deploying workflow "Social Media Auto Posting" to http://localhost:5678
[2025-10-10T15:41:55.287Z] N8n Workflow: Workflow deployed successfully
[2025-10-10T15:41:55.287Z] N8n Workflow: Workflow management completed successfully
[2025-10-10T15:46:55.631Z] N8n Workflow: Starting workflow management...
[2025-10-10T15:46:55.637Z] N8n Workflow: Initializing N8n Workflow Manager...
[2025-10-10T15:46:55.638Z] N8n Workflow: N8n Workflow Manager initialized
[2025-10-10T15:46:55.638Z] N8n Workflow: Creating social media posting workflow...
[2025-10-10T15:46:55.638Z] N8n Workflow: Social media workflow created
[2025-10-10T15:46:55.639Z] N8n Workflow: Validating workflow...
[2025-10-10T15:46:55.639Z] N8n Workflow: Workflow validation passed
[2025-10-10T15:46:55.639Z] N8n Workflow: Running workflow dry test...
[2025-10-10T15:46:55.639Z] N8n Workflow: Dry test completed: 7 nodes tested, 0 errors found
[2025-10-10T15:46:55.640Z] N8n Workflow: Deploying workflow to N8n...
[2025-10-10T15:46:55.640Z] N8n Workflow: Deploying workflow "Social Media Auto Posting" to http://localhost:5678
[2025-10-10T15:46:57.643Z] N8n Workflow: Workflow deployed successfully
[2025-10-10T15:46:57.643Z] N8n Workflow: Workflow management completed successfully
[2025-10-10T15:51:57.974Z] N8n Workflow: Starting workflow management...
[2025-10-10T15:51:57.980Z] N8n Workflow: Initializing N8n Workflow Manager...
[2025-10-10T15:51:57.981Z] N8n Workflow: N8n Workflow Manager initialized
[2025-10-10T15:51:57.982Z] N8n Workflow: Creating social media posting workflow...
[2025-10-10T15:51:57.982Z] N8n Workflow: Social media workflow created
[2025-10-10T15:51:57.983Z] N8n Workflow: Validating workflow...
[2025-10-10T15:51:57.983Z] N8n Workflow: Workflow validation passed
[2025-10-10T15:51:57.983Z] N8n Workflow: Running workflow dry test...
[2025-10-10T15:51:57.984Z] N8n Workflow: Dry test completed: 7 nodes tested, 0 errors found
[2025-10-10T15:51:57.984Z] N8n Workflow: Deploying workflow to N8n...
[2025-10-10T15:51:57.984Z] N8n Workflow: Deploying workflow "Social Media Auto Posting" to http://localhost:5678
[2025-10-10T15:51:59.987Z] N8n Workflow: Workflow deployed successfully
[2025-10-10T15:51:59.988Z] N8n Workflow: Workflow management completed successfully
[2025-10-10T15:57:00.367Z] N8n Workflow: Starting workflow management...
[2025-10-10T15:57:00.374Z] N8n Workflow: Initializing N8n Workflow Manager...
[2025-10-10T15:57:00.374Z] N8n Workflow: N8n Workflow Manager initialized
[2025-10-10T15:57:00.375Z] N8n Workflow: Creating social media posting workflow...
[2025-10-10T15:57:00.375Z] N8n Workflow: Social media workflow created
[2025-10-10T15:57:00.376Z] N8n Workflow: Validating workflow...
[2025-10-10T15:57:00.376Z] N8n Workflow: Workflow validation passed
[2025-10-10T15:57:00.376Z] N8n Workflow: Running workflow dry test...
[2025-10-10T15:57:00.377Z] N8n Workflow: Dry test completed: 7 nodes tested, 0 errors found
[2025-10-10T15:57:00.377Z] N8n Workflow: Deploying workflow to N8n...
[2025-10-10T15:57:00.377Z] N8n Workflow: Deploying workflow "Social Media Auto Posting" to http://localhost:5678
[2025-10-10T15:57:02.380Z] N8n Workflow: Workflow deployed successfully
[2025-10-10T15:57:02.380Z] N8n Workflow: Workflow management completed successfully
[2025-10-10T16:02:02.742Z] N8n Workflow: Starting workflow management...
[2025-10-10T16:02:02.748Z] N8n Workflow: Initializing N8n Workflow Manager...
[2025-10-10T16:02:02.749Z] N8n Workflow: N8n Workflow Manager initialized
[2025-10-10T16:02:02.749Z] N8n Workflow: Creating social media posting workflow...
[2025-10-10T16:02:02.749Z] N8n Workflow: Social media workflow created
[2025-10-10T16:02:02.750Z] N8n Workflow: Validating workflow...
[2025-10-10T16:02:02.750Z] N8n Workflow: Workflow validation passed
[2025-10-10T16:02:02.750Z] N8n Workflow: Running workflow dry test...
[2025-10-10T16:02:02.751Z] N8n Workflow: Dry test completed: 7 nodes tested, 0 errors found
[2025-10-10T16:02:02.751Z] N8n Workflow: Deploying workflow to N8n...
[2025-10-10T16:02:02.751Z] N8n Workflow: Deploying workflow "Social Media Auto Posting" to http://localhost:5678
[2025-10-10T16:02:04.754Z] N8n Workflow: Workflow deployed successfully
[2025-10-10T16:02:04.754Z] N8n Workflow: Workflow management completed successfully
[2025-10-10T16:07:05.079Z] N8n Workflow: Starting workflow management...
[2025-10-10T16:07:05.085Z] N8n Workflow: Initializing N8n Workflow Manager...
[2025-10-10T16:07:05.085Z] N8n Workflow: N8n Workflow Manager initialized
[2025-10-10T16:07:05.086Z] N8n Workflow: Creating social media posting workflow...
[2025-10-10T16:07:05.086Z] N8n Workflow: Social media workflow created
[2025-10-10T16:07:05.087Z] N8n Workflow: Validating workflow...
[2025-10-10T16:07:05.087Z] N8n Workflow: Workflow validation passed
[2025-10-10T16:07:05.087Z] N8n Workflow: Running workflow dry test...
[2025-10-10T16:07:05.087Z] N8n Workflow: Dry test completed: 7 nodes tested, 0 errors found
[2025-10-10T16:07:05.088Z] N8n Workflow: Deploying workflow to N8n...
[2025-10-10T16:07:05.088Z] N8n Workflow: Deploying workflow "Social Media Auto Posting" to http://localhost:5678
[2025-10-10T16:07:07.091Z] N8n Workflow: Workflow deployed successfully
[2025-10-10T16:07:07.091Z] N8n Workflow: Workflow management completed successfully
[2025-10-10T16:12:07.391Z] N8n Workflow: Starting workflow management...
[2025-10-10T16:12:07.397Z] N8n Workflow: Initializing N8n Workflow Manager...
[2025-10-10T16:12:07.397Z] N8n Workflow: N8n Workflow Manager initialized
[2025-10-10T16:12:07.398Z] N8n Workflow: Creating social media posting workflow...
[2025-10-10T16:12:07.398Z] N8n Workflow: Social media workflow created
[2025-10-10T16:12:07.398Z] N8n Workflow: Validating workflow...
[2025-10-10T16:12:07.399Z] N8n Workflow: Workflow validation passed
[2025-10-10T16:12:07.399Z] N8n Workflow: Running workflow dry test...
[2025-10-10T16:12:07.399Z] N8n Workflow: Dry test completed: 7 nodes tested, 0 errors found
[2025-10-10T16:12:07.400Z] N8n Workflow: Deploying workflow to N8n...
[2025-10-10T16:12:07.400Z] N8n Workflow: Deploying workflow "Social Media Auto Posting" to http://localhost:5678
[2025-10-10T16:12:09.402Z] N8n Workflow: Workflow deployed successfully
[2025-10-10T16:12:09.403Z] N8n Workflow: Workflow management completed successfully
[2025-10-10T16:17:09.718Z] N8n Workflow: Starting workflow management...
[2025-10-10T16:17:09.724Z] N8n Workflow: Initializing N8n Workflow Manager...
[2025-10-10T16:17:09.725Z] N8n Workflow: N8n Workflow Manager initialized
[2025-10-10T16:17:09.725Z] N8n Workflow: Creating social media posting workflow...
[2025-10-10T16:17:09.726Z] N8n Workflow: Social media workflow created
[2025-10-10T16:17:09.726Z] N8n Workflow: Validating workflow...
[2025-10-10T16:17:09.726Z] N8n Workflow: Workflow validation passed
[2025-10-10T16:17:09.726Z] N8n Workflow: Running workflow dry test...
[2025-10-10T16:17:09.727Z] N8n Workflow: Dry test completed: 7 nodes tested, 0 errors found
[2025-10-10T16:17:09.727Z] N8n Workflow: Deploying workflow to N8n...
[2025-10-10T16:17:09.728Z] N8n Workflow: Deploying workflow "Social Media Auto Posting" to http://localhost:5678
[2025-10-10T16:17:11.729Z] N8n Workflow: Workflow deployed successfully
[2025-10-10T16:17:11.730Z] N8n Workflow: Workflow management completed successfully
[2025-10-10T16:22:12.010Z] N8n Workflow: Starting workflow management...
[2025-10-10T16:22:12.016Z] N8n Workflow: Initializing N8n Workflow Manager...
[2025-10-10T16:22:12.016Z] N8n Workflow: N8n Workflow Manager initialized
[2025-10-10T16:22:12.017Z] N8n Workflow: Creating social media posting workflow...
[2025-10-10T16:22:12.017Z] N8n Workflow: Social media workflow created
[2025-10-10T16:22:12.017Z] N8n Workflow: Validating workflow...
[2025-10-10T16:22:12.018Z] N8n Workflow: Workflow validation passed
[2025-10-10T16:22:12.018Z] N8n Workflow: Running workflow dry test...
[2025-10-10T16:22:12.018Z] N8n Workflow: Dry test completed: 7 nodes tested, 0 errors found
[2025-10-10T16:22:12.019Z] N8n Workflow: Deploying workflow to N8n...
[2025-10-10T16:22:12.019Z] N8n Workflow: Deploying workflow "Social Media Auto Posting" to http://localhost:5678
[2025-10-10T16:22:14.022Z] N8n Workflow: Workflow deployed successfully
[2025-10-10T16:22:14.022Z] N8n Workflow: Workflow management completed successfully
[2025-10-10T16:27:14.402Z] N8n Workflow: Starting workflow management...
[2025-10-10T16:27:14.409Z] N8n Workflow: Initializing N8n Workflow Manager...
[2025-10-10T16:27:14.409Z] N8n Workflow: N8n Workflow Manager initialized
[2025-10-10T16:27:14.410Z] N8n Workflow: Creating social media posting workflow...
[2025-10-10T16:27:14.410Z] N8n Workflow: Social media workflow created
[2025-10-10T16:27:14.410Z] N8n Workflow: Validating workflow...
[2025-10-10T16:27:14.411Z] N8n Workflow: Workflow validation passed
[2025-10-10T16:27:14.411Z] N8n Workflow: Running workflow dry test...
[2025-10-10T16:27:14.411Z] N8n Workflow: Dry test completed: 7 nodes tested, 0 errors found
[2025-10-10T16:27:14.412Z] N8n Workflow: Deploying workflow to N8n...
[2025-10-10T16:27:14.412Z] N8n Workflow: Deploying workflow "Social Media Auto Posting" to http://localhost:5678
[2025-10-10T16:27:16.415Z] N8n Workflow: Workflow deployed successfully
[2025-10-10T16:27:16.415Z] N8n Workflow: Workflow management completed successfully
[2025-10-10T16:32:16.829Z] N8n Workflow: Starting workflow management...
[2025-10-10T16:32:16.836Z] N8n Workflow: Initializing N8n Workflow Manager...
[2025-10-10T16:32:16.836Z] N8n Workflow: N8n Workflow Manager initialized
[2025-10-10T16:32:16.837Z] N8n Workflow: Creating social media posting workflow...
[2025-10-10T16:32:16.837Z] N8n Workflow: Social media workflow created
[2025-10-10T16:32:16.837Z] N8n Workflow: Validating workflow...
[2025-10-10T16:32:16.838Z] N8n Workflow: Workflow validation passed
[2025-10-10T16:32:16.838Z] N8n Workflow: Running workflow dry test...
[2025-10-10T16:32:16.838Z] N8n Workflow: Dry test completed: 7 nodes tested, 0 errors found
[2025-10-10T16:32:16.839Z] N8n Workflow: Deploying workflow to N8n...
[2025-10-10T16:32:16.839Z] N8n Workflow: Deploying workflow "Social Media Auto Posting" to http://localhost:5678
[2025-10-10T16:32:18.842Z] N8n Workflow: Workflow deployed successfully
[2025-10-10T16:32:18.842Z] N8n Workflow: Workflow management completed successfully
[2025-10-10T16:37:19.287Z] N8n Workflow: Starting workflow management...
[2025-10-10T16:37:19.294Z] N8n Workflow: Initializing N8n Workflow Manager...
[2025-10-10T16:37:19.295Z] N8n Workflow: N8n Workflow Manager initialized
[2025-10-10T16:37:19.296Z] N8n Workflow: Creating social media posting workflow...
[2025-10-10T16:37:19.297Z] N8n Workflow: Social media workflow created
[2025-10-10T16:37:19.298Z] N8n Workflow: Validating workflow...
[2025-10-10T16:37:19.298Z] N8n Workflow: Workflow validation passed
[2025-10-10T16:37:19.299Z] N8n Workflow: Running workflow dry test...
[2025-10-10T16:37:19.300Z] N8n Workflow: Dry test completed: 7 nodes tested, 0 errors found
[2025-10-10T16:37:19.300Z] N8n Workflow: Deploying workflow to N8n...
[2025-10-10T16:37:19.301Z] N8n Workflow: Deploying workflow "Social Media Auto Posting" to http://localhost:5678
[2025-10-10T16:37:21.304Z] N8n Workflow: Workflow deployed successfully
[2025-10-10T16:37:21.304Z] N8n Workflow: Workflow management completed successfully
[2025-10-10T16:42:21.964Z] N8n Workflow: Starting workflow management...
[2025-10-10T16:42:21.979Z] N8n Workflow: Initializing N8n Workflow Manager...
[2025-10-10T16:42:21.980Z] N8n Workflow: N8n Workflow Manager initialized
[2025-10-10T16:42:21.980Z] N8n Workflow: Creating social media posting workflow...
[2025-10-10T16:42:21.981Z] N8n Workflow: Social media workflow created
[2025-10-10T16:42:21.985Z] N8n Workflow: Validating workflow...
[2025-10-10T16:42:21.986Z] N8n Workflow: Workflow validation passed
[2025-10-10T16:42:21.986Z] N8n Workflow: Running workflow dry test...
[2025-10-10T16:42:21.986Z] N8n Workflow: Dry test completed: 7 nodes tested, 0 errors found
[2025-10-10T16:42:21.987Z] N8n Workflow: Deploying workflow to N8n...
[2025-10-10T16:42:21.987Z] N8n Workflow: Deploying workflow "Social Media Auto Posting" to http://localhost:5678
[2025-10-10T16:42:23.988Z] N8n Workflow: Workflow deployed successfully
[2025-10-10T16:42:23.989Z] N8n Workflow: Workflow management completed successfully
