[2025-10-10T15:41:57.169Z] [INFO] Self-Healing: Starting Self-Healing System...
[2025-10-10T15:41:57.172Z] [INFO] Self-Healing: Initializing Self-Healing System...
[2025-10-10T15:41:57.173Z] [INFO] Self-Healing: Default healing rules created
[2025-10-10T15:41:57.173Z] [INFO] Self-Healing: Self-Healing System initialized
[2025-10-10T15:41:57.173Z] [INFO] Self-Healing: Running healing cycle...
[2025-10-10T15:41:57.173Z] [INFO] Self-Healing: Detecting errors...
[2025-10-10T15:41:57.179Z] [INFO] Self-Healing: Detected 2 errors
[2025-10-10T15:41:57.179Z] [INFO] Self-Healing: Applying healing for fileSystem.missingDirectories...
[2025-10-10T15:41:57.179Z] [INFO] Self-Healing: Creating missing directories...
[2025-10-10T15:42:02.219Z] [INFO] Self-Healing: Starting Self-Healing System...
[2025-10-10T15:42:02.222Z] [INFO] Self-Healing: Initializing Self-Healing System...
[2025-10-10T15:42:02.223Z] [INFO] Self-Healing: Healing rules loaded
[2025-10-10T15:42:02.223Z] [INFO] Self-Healing: Self-Healing System initialized
[2025-10-10T15:42:02.224Z] [INFO] Self-Healing: Running healing cycle...
[2025-10-10T15:42:02.224Z] [INFO] Self-Healing: Detecting errors...
[2025-10-10T15:42:02.230Z] [INFO] Self-Healing: Detected 3 errors
[2025-10-10T15:42:02.231Z] [INFO] Self-Healing: Applying healing for fileSystem.missingDirectories...
[2025-10-10T15:42:02.231Z] [INFO] Self-Healing: Creating missing directories...
[2025-10-10T15:42:07.271Z] [INFO] Self-Healing: Starting Self-Healing System...
[2025-10-10T15:42:07.274Z] [INFO] Self-Healing: Initializing Self-Healing System...
[2025-10-10T15:42:07.274Z] [INFO] Self-Healing: Healing rules loaded
[2025-10-10T15:42:07.275Z] [INFO] Self-Healing: Self-Healing System initialized
[2025-10-10T15:42:07.275Z] [INFO] Self-Healing: Running healing cycle...
[2025-10-10T15:42:07.275Z] [INFO] Self-Healing: Detecting errors...
[2025-10-10T15:42:07.283Z] [INFO] Self-Healing: Detected 3 errors
[2025-10-10T15:42:07.283Z] [INFO] Self-Healing: Applying healing for fileSystem.missingDirectories...
[2025-10-10T15:42:07.284Z] [INFO] Self-Healing: Creating missing directories...
[2025-10-10T15:42:12.328Z] [INFO] Self-Healing: Starting Self-Healing System...
[2025-10-10T15:42:12.331Z] [INFO] Self-Healing: Initializing Self-Healing System...
[2025-10-10T15:42:12.331Z] [INFO] Self-Healing: Healing rules loaded
[2025-10-10T15:42:12.332Z] [INFO] Self-Healing: Self-Healing System initialized
[2025-10-10T15:42:12.332Z] [INFO] Self-Healing: Running healing cycle...
[2025-10-10T15:42:12.332Z] [INFO] Self-Healing: Detecting errors...
[2025-10-10T15:42:12.340Z] [INFO] Self-Healing: Detected 3 errors
[2025-10-10T15:42:12.340Z] [INFO] Self-Healing: Applying healing for fileSystem.missingDirectories...
[2025-10-10T15:42:12.341Z] [INFO] Self-Healing: Creating missing directories...
[2025-10-10T15:42:17.385Z] [INFO] Self-Healing: Starting Self-Healing System...
[2025-10-10T15:42:17.388Z] [INFO] Self-Healing: Initializing Self-Healing System...
[2025-10-10T15:42:17.388Z] [INFO] Self-Healing: Healing rules loaded
[2025-10-10T15:42:17.389Z] [INFO] Self-Healing: Self-Healing System initialized
[2025-10-10T15:42:17.389Z] [INFO] Self-Healing: Running healing cycle...
[2025-10-10T15:42:17.389Z] [INFO] Self-Healing: Detecting errors...
[2025-10-10T15:42:17.396Z] [INFO] Self-Healing: Detected 3 errors
[2025-10-10T15:42:17.396Z] [INFO] Self-Healing: Applying healing for fileSystem.missingDirectories...
[2025-10-10T15:42:17.397Z] [INFO] Self-Healing: Creating missing directories...
[2025-10-10T15:42:22.440Z] [INFO] Self-Healing: Starting Self-Healing System...
[2025-10-10T15:42:22.443Z] [INFO] Self-Healing: Initializing Self-Healing System...
[2025-10-10T15:42:22.443Z] [INFO] Self-Healing: Healing rules loaded
[2025-10-10T15:42:22.444Z] [INFO] Self-Healing: Self-Healing System initialized
[2025-10-10T15:42:22.444Z] [INFO] Self-Healing: Running healing cycle...
[2025-10-10T15:42:22.444Z] [INFO] Self-Healing: Detecting errors...
[2025-10-10T15:42:22.451Z] [INFO] Self-Healing: Detected 3 errors
[2025-10-10T15:42:22.452Z] [INFO] Self-Healing: Applying healing for fileSystem.missingDirectories...
[2025-10-10T15:42:22.452Z] [INFO] Self-Healing: Creating missing directories...
[2025-10-10T15:42:27.511Z] [INFO] Self-Healing: Starting Self-Healing System...
[2025-10-10T15:42:27.514Z] [INFO] Self-Healing: Initializing Self-Healing System...
[2025-10-10T15:42:27.514Z] [INFO] Self-Healing: Healing rules loaded
[2025-10-10T15:42:27.515Z] [INFO] Self-Healing: Self-Healing System initialized
[2025-10-10T15:42:27.515Z] [INFO] Self-Healing: Running healing cycle...
[2025-10-10T15:42:27.515Z] [INFO] Self-Healing: Detecting errors...
[2025-10-10T15:42:27.523Z] [INFO] Self-Healing: Detected 3 errors
[2025-10-10T15:42:27.524Z] [INFO] Self-Healing: Applying healing for fileSystem.missingDirectories...
[2025-10-10T15:42:27.524Z] [INFO] Self-Healing: Creating missing directories...
[2025-10-10T15:42:32.567Z] [INFO] Self-Healing: Starting Self-Healing System...
[2025-10-10T15:42:32.571Z] [INFO] Self-Healing: Initializing Self-Healing System...
[2025-10-10T15:42:32.571Z] [INFO] Self-Healing: Healing rules loaded
[2025-10-10T15:42:32.572Z] [INFO] Self-Healing: Self-Healing System initialized
[2025-10-10T15:42:32.572Z] [INFO] Self-Healing: Running healing cycle...
[2025-10-10T15:42:32.572Z] [INFO] Self-Healing: Detecting errors...
[2025-10-10T15:42:32.581Z] [INFO] Self-Healing: Detected 3 errors
[2025-10-10T15:42:32.581Z] [INFO] Self-Healing: Applying healing for fileSystem.missingDirectories...
[2025-10-10T15:42:32.581Z] [INFO] Self-Healing: Creating missing directories...
[2025-10-10T15:42:37.619Z] [INFO] Self-Healing: Starting Self-Healing System...
[2025-10-10T15:42:37.622Z] [INFO] Self-Healing: Initializing Self-Healing System...
[2025-10-10T15:42:37.623Z] [INFO] Self-Healing: Healing rules loaded
[2025-10-10T15:42:37.623Z] [INFO] Self-Healing: Self-Healing System initialized
[2025-10-10T15:42:37.624Z] [INFO] Self-Healing: Running healing cycle...
[2025-10-10T15:42:37.624Z] [INFO] Self-Healing: Detecting errors...
[2025-10-10T15:42:37.631Z] [INFO] Self-Healing: Detected 3 errors
[2025-10-10T15:42:37.631Z] [INFO] Self-Healing: Applying healing for fileSystem.missingDirectories...
[2025-10-10T15:42:37.632Z] [INFO] Self-Healing: Creating missing directories...
[2025-10-10T15:42:42.679Z] [INFO] Self-Healing: Starting Self-Healing System...
[2025-10-10T15:42:42.682Z] [INFO] Self-Healing: Initializing Self-Healing System...
[2025-10-10T15:42:42.682Z] [INFO] Self-Healing: Healing rules loaded
[2025-10-10T15:42:42.683Z] [INFO] Self-Healing: Self-Healing System initialized
[2025-10-10T15:42:42.683Z] [INFO] Self-Healing: Running healing cycle...
[2025-10-10T15:42:42.683Z] [INFO] Self-Healing: Detecting errors...
[2025-10-10T15:42:42.692Z] [INFO] Self-Healing: Detected 3 errors
[2025-10-10T15:42:42.692Z] [INFO] Self-Healing: Applying healing for fileSystem.missingDirectories...
[2025-10-10T15:42:42.692Z] [INFO] Self-Healing: Creating missing directories...
[2025-10-10T15:42:47.735Z] [INFO] Self-Healing: Starting Self-Healing System...
[2025-10-10T15:42:47.738Z] [INFO] Self-Healing: Initializing Self-Healing System...
[2025-10-10T15:42:47.738Z] [INFO] Self-Healing: Healing rules loaded
[2025-10-10T15:42:47.739Z] [INFO] Self-Healing: Self-Healing System initialized
[2025-10-10T15:42:47.739Z] [INFO] Self-Healing: Running healing cycle...
[2025-10-10T15:42:47.739Z] [INFO] Self-Healing: Detecting errors...
[2025-10-10T15:42:47.746Z] [INFO] Self-Healing: Detected 3 errors
[2025-10-10T15:42:47.747Z] [INFO] Self-Healing: Applying healing for fileSystem.missingDirectories...
[2025-10-10T15:42:47.747Z] [INFO] Self-Healing: Creating missing directories...
[2025-10-10T15:42:52.792Z] [INFO] Self-Healing: Starting Self-Healing System...
[2025-10-10T15:42:52.795Z] [INFO] Self-Healing: Initializing Self-Healing System...
[2025-10-10T15:42:52.795Z] [INFO] Self-Healing: Healing rules loaded
[2025-10-10T15:42:52.796Z] [INFO] Self-Healing: Self-Healing System initialized
[2025-10-10T15:42:52.796Z] [INFO] Self-Healing: Running healing cycle...
[2025-10-10T15:42:52.796Z] [INFO] Self-Healing: Detecting errors...
[2025-10-10T15:42:52.804Z] [INFO] Self-Healing: Detected 3 errors
[2025-10-10T15:42:52.804Z] [INFO] Self-Healing: Applying healing for fileSystem.missingDirectories...
[2025-10-10T15:42:52.805Z] [INFO] Self-Healing: Creating missing directories...
