[2025-10-10T15:35:08.032Z] Social Media: Starting social media automation...
[2025-10-10T15:35:08.038Z] Social Media: Initializing Social Media Automation...
[2025-10-10T15:35:08.038Z] Social Media: Created directory: videos
[2025-10-10T15:35:08.039Z] Social Media: Default configuration created
[2025-10-10T15:35:08.039Z] Social Media: Social Media Automation initialized
[2025-10-10T15:35:08.040Z] Social Media: Generating post schedule...
[2025-10-10T15:35:08.040Z] Social Media: Selecting 3 random videos...
[2025-10-10T15:35:08.040Z] Social Media: Scanning for available videos...
[2025-10-10T15:35:08.040Z] Social Media: Found 0 available videos
[2025-10-10T15:35:08.041Z] Social Media: No videos available for posting
[2025-10-10T15:35:08.041Z] Social Media: No videos selected for posting
[2025-10-10T15:35:08.041Z] Social Media: No posts scheduled, automation complete
[2025-10-10T15:41:55.322Z] Social Media: Starting social media automation...
[2025-10-10T15:41:55.328Z] Social Media: Initializing Social Media Automation...
[2025-10-10T15:41:55.329Z] Social Media: Social Media Automation initialized
[2025-10-10T15:41:55.329Z] Social Media: Generating post schedule...
[2025-10-10T15:41:55.330Z] Social Media: Selecting 3 random videos...
[2025-10-10T15:41:55.330Z] Social Media: Scanning for available videos...
[2025-10-10T15:41:55.330Z] Social Media: Found 0 available videos
[2025-10-10T15:41:55.330Z] Social Media: No videos available for posting
[2025-10-10T15:41:55.331Z] Social Media: No videos selected for posting
[2025-10-10T15:41:55.331Z] Social Media: No posts scheduled, automation complete
[2025-10-10T15:46:57.677Z] Social Media: Starting social media automation...
[2025-10-10T15:46:57.684Z] Social Media: Initializing Social Media Automation...
[2025-10-10T15:46:57.684Z] Social Media: Social Media Automation initialized
[2025-10-10T15:46:57.685Z] Social Media: Generating post schedule...
[2025-10-10T15:46:57.685Z] Social Media: Selecting 3 random videos...
[2025-10-10T15:46:57.685Z] Social Media: Scanning for available videos...
[2025-10-10T15:46:57.685Z] Social Media: Found 0 available videos
[2025-10-10T15:46:57.686Z] Social Media: No videos available for posting
[2025-10-10T15:46:57.686Z] Social Media: No videos selected for posting
[2025-10-10T15:46:57.686Z] Social Media: No posts scheduled, automation complete
[2025-10-10T15:52:00.021Z] Social Media: Starting social media automation...
[2025-10-10T15:52:00.027Z] Social Media: Initializing Social Media Automation...
[2025-10-10T15:52:00.028Z] Social Media: Social Media Automation initialized
[2025-10-10T15:52:00.028Z] Social Media: Generating post schedule...
[2025-10-10T15:52:00.029Z] Social Media: Selecting 3 random videos...
[2025-10-10T15:52:00.029Z] Social Media: Scanning for available videos...
[2025-10-10T15:52:00.029Z] Social Media: Found 0 available videos
[2025-10-10T15:52:00.029Z] Social Media: No videos available for posting
[2025-10-10T15:52:00.029Z] Social Media: No videos selected for posting
[2025-10-10T15:52:00.030Z] Social Media: No posts scheduled, automation complete
