[2025-10-10T15:35:19.301Z] Verification: Starting verification process...
[2025-10-10T15:35:19.308Z] Verification: Checking Cursor Agent status...
[2025-10-10T15:35:19.308Z] Verification: Cursor Agent check: failed
[2025-10-10T15:35:19.308Z] Verification: Checking file cleanup...
[2025-10-10T15:35:19.309Z] Verification: File cleanup check: passed
[2025-10-10T15:35:19.309Z] Verification: Checking workflow integrity...
[2025-10-10T15:35:19.310Z] Verification: Workflow integrity check: passed
[2025-10-10T15:35:19.310Z] Verification: Checking social media posts...
[2025-10-10T15:35:19.310Z] Verification: Social media posts check: failed
[2025-10-10T15:35:19.311Z] Verification: Checking dashboard and reports...
[2025-10-10T15:35:19.311Z] Verification: Dashboard and reports check: passed
[2025-10-10T15:35:19.311Z] Verification: Checking admin permissions...
[2025-10-10T15:35:19.312Z] Verification: Admin permissions check: failed
[2025-10-10T15:35:19.312Z] Verification: Checking enhancements applied...
[2025-10-10T15:35:19.312Z] Verification: Enhancements applied check: failed
[2025-10-10T15:35:19.312Z] Verification: Verification completed: 3/7 checks passed
[2025-10-10T15:41:55.448Z] Verification: Starting verification process...
[2025-10-10T15:41:55.454Z] Verification: Checking Cursor Agent status...
[2025-10-10T15:41:55.454Z] Verification: Cursor Agent check: failed
[2025-10-10T15:41:55.455Z] Verification: Checking file cleanup...
[2025-10-10T15:41:55.455Z] Verification: File cleanup check: passed
[2025-10-10T15:41:55.455Z] Verification: Checking workflow integrity...
[2025-10-10T15:41:55.456Z] Verification: Workflow integrity check: passed
[2025-10-10T15:41:55.456Z] Verification: Checking social media posts...
[2025-10-10T15:41:55.456Z] Verification: Social media posts check: failed
[2025-10-10T15:41:55.457Z] Verification: Checking dashboard and reports...
[2025-10-10T15:41:55.457Z] Verification: Dashboard and reports check: passed
[2025-10-10T15:41:55.457Z] Verification: Checking admin permissions...
[2025-10-10T15:41:55.458Z] Verification: Admin permissions check: failed
[2025-10-10T15:41:55.458Z] Verification: Checking enhancements applied...
[2025-10-10T15:41:55.458Z] Verification: Enhancements applied check: failed
[2025-10-10T15:41:55.458Z] Verification: Verification completed: 3/7 checks passed
[2025-10-10T15:42:04.181Z] Verification: Starting verification process...
[2025-10-10T15:42:04.187Z] Verification: Checking Cursor Agent status...
[2025-10-10T15:42:04.187Z] Verification: Cursor Agent check: failed
[2025-10-10T15:42:04.188Z] Verification: Checking file cleanup...
[2025-10-10T15:42:04.189Z] Verification: File cleanup check: passed
[2025-10-10T15:42:04.189Z] Verification: Checking workflow integrity...
[2025-10-10T15:42:04.189Z] Verification: Workflow integrity check: passed
[2025-10-10T15:42:04.189Z] Verification: Checking social media posts...
[2025-10-10T15:42:04.190Z] Verification: Social media posts check: failed
[2025-10-10T15:42:04.190Z] Verification: Checking dashboard and reports...
[2025-10-10T15:42:04.191Z] Verification: Dashboard and reports check: passed
[2025-10-10T15:42:04.191Z] Verification: Checking admin permissions...
[2025-10-10T15:42:04.191Z] Verification: Admin permissions check: failed
[2025-10-10T15:42:04.191Z] Verification: Checking enhancements applied...
[2025-10-10T15:42:04.191Z] Verification: Enhancements applied check: failed
[2025-10-10T15:42:04.192Z] Verification: Verification completed: 3/7 checks passed
[2025-10-10T15:46:57.797Z] Verification: Starting verification process...
[2025-10-10T15:46:57.803Z] Verification: Checking Cursor Agent status...
[2025-10-10T15:46:57.803Z] Verification: Cursor Agent check: failed
[2025-10-10T15:46:57.804Z] Verification: Checking file cleanup...
[2025-10-10T15:46:57.805Z] Verification: File cleanup check: passed
[2025-10-10T15:46:57.805Z] Verification: Checking workflow integrity...
[2025-10-10T15:46:57.805Z] Verification: Workflow integrity check: passed
[2025-10-10T15:46:57.806Z] Verification: Checking social media posts...
[2025-10-10T15:46:57.806Z] Verification: Social media posts check: failed
[2025-10-10T15:46:57.806Z] Verification: Checking dashboard and reports...
[2025-10-10T15:46:57.807Z] Verification: Dashboard and reports check: passed
[2025-10-10T15:46:57.807Z] Verification: Checking admin permissions...
[2025-10-10T15:46:57.807Z] Verification: Admin permissions check: failed
[2025-10-10T15:46:57.807Z] Verification: Checking enhancements applied...
[2025-10-10T15:46:57.807Z] Verification: Enhancements applied check: failed
[2025-10-10T15:46:57.808Z] Verification: Verification completed: 3/7 checks passed
[2025-10-10T15:52:00.143Z] Verification: Starting verification process...
[2025-10-10T15:52:00.149Z] Verification: Checking Cursor Agent status...
[2025-10-10T15:52:00.150Z] Verification: Cursor Agent check: failed
[2025-10-10T15:52:00.150Z] Verification: Checking file cleanup...
[2025-10-10T15:52:00.151Z] Verification: File cleanup check: passed
[2025-10-10T15:52:00.151Z] Verification: Checking workflow integrity...
[2025-10-10T15:52:00.152Z] Verification: Workflow integrity check: passed
[2025-10-10T15:52:00.152Z] Verification: Checking social media posts...
[2025-10-10T15:52:00.152Z] Verification: Social media posts check: failed
[2025-10-10T15:52:00.153Z] Verification: Checking dashboard and reports...
[2025-10-10T15:52:00.153Z] Verification: Dashboard and reports check: passed
[2025-10-10T15:52:00.153Z] Verification: Checking admin permissions...
[2025-10-10T15:52:00.153Z] Verification: Admin permissions check: failed
[2025-10-10T15:52:00.154Z] Verification: Checking enhancements applied...
[2025-10-10T15:52:00.154Z] Verification: Enhancements applied check: failed
[2025-10-10T15:52:00.154Z] Verification: Verification completed: 3/7 checks passed
[2025-10-10T15:52:05.230Z] Verification: Starting verification process...
[2025-10-10T15:52:05.236Z] Verification: Checking Cursor Agent status...
[2025-10-10T15:52:05.236Z] Verification: Cursor Agent check: failed
[2025-10-10T15:52:05.237Z] Verification: Checking file cleanup...
[2025-10-10T15:52:05.238Z] Verification: File cleanup check: passed
[2025-10-10T15:52:05.238Z] Verification: Checking workflow integrity...
[2025-10-10T15:52:05.238Z] Verification: Workflow integrity check: passed
[2025-10-10T15:52:05.239Z] Verification: Checking social media posts...
[2025-10-10T15:52:05.239Z] Verification: Social media posts check: failed
[2025-10-10T15:52:05.239Z] Verification: Checking dashboard and reports...
[2025-10-10T15:52:05.240Z] Verification: Dashboard and reports check: passed
[2025-10-10T15:52:05.240Z] Verification: Checking admin permissions...
[2025-10-10T15:52:05.240Z] Verification: Admin permissions check: failed
[2025-10-10T15:52:05.240Z] Verification: Checking enhancements applied...
[2025-10-10T15:52:05.240Z] Verification: Enhancements applied check: failed
[2025-10-10T15:52:05.241Z] Verification: Verification completed: 3/7 checks passed
[2025-10-10T15:57:02.537Z] Verification: Starting verification process...
[2025-10-10T15:57:02.543Z] Verification: Checking Cursor Agent status...
[2025-10-10T15:57:02.543Z] Verification: Cursor Agent check: failed
[2025-10-10T15:57:02.543Z] Verification: Checking file cleanup...
[2025-10-10T15:57:02.544Z] Verification: File cleanup check: passed
[2025-10-10T15:57:02.544Z] Verification: Checking workflow integrity...
[2025-10-10T15:57:02.545Z] Verification: Workflow integrity check: passed
[2025-10-10T15:57:02.545Z] Verification: Checking social media posts...
[2025-10-10T15:57:02.545Z] Verification: Social media posts check: failed
[2025-10-10T15:57:02.546Z] Verification: Checking dashboard and reports...
[2025-10-10T15:57:02.546Z] Verification: Dashboard and reports check: passed
[2025-10-10T15:57:02.546Z] Verification: Checking admin permissions...
[2025-10-10T15:57:02.546Z] Verification: Admin permissions check: failed
[2025-10-10T15:57:02.547Z] Verification: Checking enhancements applied...
[2025-10-10T15:57:02.547Z] Verification: Enhancements applied check: failed
[2025-10-10T15:57:02.547Z] Verification: Verification completed: 3/7 checks passed
[2025-10-10T16:02:04.905Z] Verification: Starting verification process...
[2025-10-10T16:02:04.911Z] Verification: Checking Cursor Agent status...
[2025-10-10T16:02:04.911Z] Verification: Cursor Agent check: failed
[2025-10-10T16:02:04.912Z] Verification: Checking file cleanup...
[2025-10-10T16:02:04.913Z] Verification: File cleanup check: passed
[2025-10-10T16:02:04.913Z] Verification: Checking workflow integrity...
[2025-10-10T16:02:04.913Z] Verification: Workflow integrity check: passed
[2025-10-10T16:02:04.914Z] Verification: Checking social media posts...
[2025-10-10T16:02:04.914Z] Verification: Social media posts check: failed
[2025-10-10T16:02:04.914Z] Verification: Checking dashboard and reports...
[2025-10-10T16:02:04.915Z] Verification: Dashboard and reports check: passed
[2025-10-10T16:02:04.915Z] Verification: Checking admin permissions...
[2025-10-10T16:02:04.915Z] Verification: Admin permissions check: failed
[2025-10-10T16:02:04.915Z] Verification: Checking enhancements applied...
[2025-10-10T16:02:04.915Z] Verification: Enhancements applied check: failed
[2025-10-10T16:02:04.916Z] Verification: Verification completed: 3/7 checks passed
[2025-10-10T16:02:06.277Z] Verification: Starting verification process...
[2025-10-10T16:02:06.283Z] Verification: Checking Cursor Agent status...
[2025-10-10T16:02:06.283Z] Verification: Cursor Agent check: failed
[2025-10-10T16:02:06.284Z] Verification: Checking file cleanup...
[2025-10-10T16:02:06.285Z] Verification: File cleanup check: passed
[2025-10-10T16:02:06.285Z] Verification: Checking workflow integrity...
[2025-10-10T16:02:06.285Z] Verification: Workflow integrity check: passed
[2025-10-10T16:02:06.286Z] Verification: Checking social media posts...
[2025-10-10T16:02:06.286Z] Verification: Social media posts check: failed
[2025-10-10T16:02:06.286Z] Verification: Checking dashboard and reports...
[2025-10-10T16:02:06.287Z] Verification: Dashboard and reports check: passed
[2025-10-10T16:02:06.287Z] Verification: Checking admin permissions...
[2025-10-10T16:02:06.287Z] Verification: Admin permissions check: failed
[2025-10-10T16:02:06.287Z] Verification: Checking enhancements applied...
[2025-10-10T16:02:06.287Z] Verification: Enhancements applied check: failed
[2025-10-10T16:02:06.288Z] Verification: Verification completed: 3/7 checks passed
[2025-10-10T16:07:07.243Z] Verification: Starting verification process...
[2025-10-10T16:07:07.250Z] Verification: Checking Cursor Agent status...
[2025-10-10T16:07:07.250Z] Verification: Cursor Agent check: failed
[2025-10-10T16:07:07.250Z] Verification: Checking file cleanup...
[2025-10-10T16:07:07.251Z] Verification: File cleanup check: passed
[2025-10-10T16:07:07.251Z] Verification: Checking workflow integrity...
[2025-10-10T16:07:07.252Z] Verification: Workflow integrity check: passed
[2025-10-10T16:07:07.252Z] Verification: Checking social media posts...
[2025-10-10T16:07:07.252Z] Verification: Social media posts check: failed
[2025-10-10T16:07:07.253Z] Verification: Checking dashboard and reports...
[2025-10-10T16:07:07.253Z] Verification: Dashboard and reports check: passed
[2025-10-10T16:07:07.253Z] Verification: Checking admin permissions...
[2025-10-10T16:07:07.254Z] Verification: Admin permissions check: failed
[2025-10-10T16:07:07.254Z] Verification: Checking enhancements applied...
[2025-10-10T16:07:07.254Z] Verification: Enhancements applied check: failed
[2025-10-10T16:07:07.254Z] Verification: Verification completed: 3/7 checks passed
[2025-10-10T16:12:07.324Z] Verification: Starting verification process...
[2025-10-10T16:12:07.330Z] Verification: Checking Cursor Agent status...
[2025-10-10T16:12:07.330Z] Verification: Cursor Agent check: failed
[2025-10-10T16:12:07.331Z] Verification: Checking file cleanup...
[2025-10-10T16:12:07.332Z] Verification: File cleanup check: passed
[2025-10-10T16:12:07.332Z] Verification: Checking workflow integrity...
[2025-10-10T16:12:07.332Z] Verification: Workflow integrity check: passed
[2025-10-10T16:12:07.333Z] Verification: Checking social media posts...
[2025-10-10T16:12:07.333Z] Verification: Social media posts check: failed
[2025-10-10T16:12:07.333Z] Verification: Checking dashboard and reports...
[2025-10-10T16:12:07.334Z] Verification: Dashboard and reports check: passed
[2025-10-10T16:12:07.334Z] Verification: Checking admin permissions...
[2025-10-10T16:12:07.334Z] Verification: Admin permissions check: failed
[2025-10-10T16:12:07.334Z] Verification: Checking enhancements applied...
[2025-10-10T16:12:07.334Z] Verification: Enhancements applied check: failed
[2025-10-10T16:12:07.335Z] Verification: Verification completed: 3/7 checks passed
[2025-10-10T16:12:09.557Z] Verification: Starting verification process...
[2025-10-10T16:12:09.563Z] Verification: Checking Cursor Agent status...
[2025-10-10T16:12:09.563Z] Verification: Cursor Agent check: failed
[2025-10-10T16:12:09.564Z] Verification: Checking file cleanup...
[2025-10-10T16:12:09.565Z] Verification: File cleanup check: passed
[2025-10-10T16:12:09.565Z] Verification: Checking workflow integrity...
[2025-10-10T16:12:09.565Z] Verification: Workflow integrity check: passed
[2025-10-10T16:12:09.566Z] Verification: Checking social media posts...
[2025-10-10T16:12:09.566Z] Verification: Social media posts check: failed
[2025-10-10T16:12:09.566Z] Verification: Checking dashboard and reports...
[2025-10-10T16:12:09.567Z] Verification: Dashboard and reports check: passed
[2025-10-10T16:12:09.567Z] Verification: Checking admin permissions...
[2025-10-10T16:12:09.567Z] Verification: Admin permissions check: failed
[2025-10-10T16:12:09.567Z] Verification: Checking enhancements applied...
[2025-10-10T16:12:09.567Z] Verification: Enhancements applied check: failed
[2025-10-10T16:12:09.568Z] Verification: Verification completed: 3/7 checks passed
