[2025-10-10T15:35:05.924Z] File Cleanup: Generating cleanup report...
[2025-10-10T15:35:05.931Z] File Cleanup: Starting file cleanup process...
[2025-10-10T15:35:05.931Z] File Cleanup: Directory does not exist: /workspace/temp
[2025-10-10T15:35:05.932Z] File Cleanup: Archiving important logs...
[2025-10-10T15:35:05.932Z] File Cleanup: Cleanup completed: 0 files deleted, 0 files archived
[2025-10-10T15:35:05.933Z] File Cleanup: Updating file index...
[2025-10-10T15:41:53.193Z] File Cleanup: Generating cleanup report...
[2025-10-10T15:41:53.200Z] File Cleanup: Starting file cleanup process...
[2025-10-10T15:41:53.202Z] File Cleanup: Archiving important logs...
[2025-10-10T15:41:53.202Z] File Cleanup: Cleanup completed: 0 files deleted, 0 files archived
[2025-10-10T15:41:53.202Z] File Cleanup: Updating file index...
[2025-10-10T15:41:53.222Z] File Cleanup: File index updated with 410 files and 178 directories
[2025-10-10T15:41:53.232Z] File Cleanup: Cleanup report saved to: /workspace/reports/file-cleanup-report.json
[2025-10-10T15:46:55.566Z] File Cleanup: Generating cleanup report...
[2025-10-10T15:46:55.572Z] File Cleanup: Starting file cleanup process...
[2025-10-10T15:46:55.573Z] File Cleanup: Archiving important logs...
[2025-10-10T15:46:55.574Z] File Cleanup: Cleanup completed: 0 files deleted, 0 files archived
[2025-10-10T15:46:55.574Z] File Cleanup: Updating file index...
[2025-10-10T15:46:55.591Z] File Cleanup: File index updated with 434 files and 183 directories
[2025-10-10T15:46:55.600Z] File Cleanup: Cleanup report saved to: /workspace/reports/file-cleanup-report.json
[2025-10-10T15:51:57.903Z] File Cleanup: Generating cleanup report...
[2025-10-10T15:51:57.909Z] File Cleanup: Starting file cleanup process...
[2025-10-10T15:51:57.911Z] File Cleanup: Archiving important logs...
[2025-10-10T15:51:57.911Z] File Cleanup: Cleanup completed: 0 files deleted, 0 files archived
[2025-10-10T15:51:57.911Z] File Cleanup: Updating file index...
[2025-10-10T15:51:57.930Z] File Cleanup: File index updated with 435 files and 183 directories
[2025-10-10T15:51:57.940Z] File Cleanup: Cleanup report saved to: /workspace/reports/file-cleanup-report.json
[2025-10-10T15:57:00.291Z] File Cleanup: Generating cleanup report...
[2025-10-10T15:57:00.297Z] File Cleanup: Starting file cleanup process...
[2025-10-10T15:57:00.298Z] File Cleanup: Archiving important logs...
[2025-10-10T15:57:00.299Z] File Cleanup: Cleanup completed: 0 files deleted, 0 files archived
[2025-10-10T15:57:00.299Z] File Cleanup: Updating file index...
[2025-10-10T15:57:00.322Z] File Cleanup: File index updated with 437 files and 183 directories
[2025-10-10T15:57:00.332Z] File Cleanup: Cleanup report saved to: /workspace/reports/file-cleanup-report.json
[2025-10-10T16:02:02.677Z] File Cleanup: Generating cleanup report...
[2025-10-10T16:02:02.683Z] File Cleanup: Starting file cleanup process...
[2025-10-10T16:02:02.684Z] File Cleanup: Archiving important logs...
[2025-10-10T16:02:02.684Z] File Cleanup: Cleanup completed: 0 files deleted, 0 files archived
[2025-10-10T16:02:02.685Z] File Cleanup: Updating file index...
[2025-10-10T16:02:02.703Z] File Cleanup: File index updated with 438 files and 183 directories
[2025-10-10T16:02:02.712Z] File Cleanup: Cleanup report saved to: /workspace/reports/file-cleanup-report.json
[2025-10-10T16:07:05.012Z] File Cleanup: Generating cleanup report...
[2025-10-10T16:07:05.018Z] File Cleanup: Starting file cleanup process...
[2025-10-10T16:07:05.019Z] File Cleanup: Archiving important logs...
[2025-10-10T16:07:05.020Z] File Cleanup: Cleanup completed: 0 files deleted, 0 files archived
[2025-10-10T16:07:05.020Z] File Cleanup: Updating file index...
[2025-10-10T16:07:05.037Z] File Cleanup: File index updated with 439 files and 183 directories
[2025-10-10T16:07:05.046Z] File Cleanup: Cleanup report saved to: /workspace/reports/file-cleanup-report.json
[2025-10-10T16:12:07.326Z] File Cleanup: Generating cleanup report...
[2025-10-10T16:12:07.332Z] File Cleanup: Starting file cleanup process...
[2025-10-10T16:12:07.334Z] File Cleanup: Archiving important logs...
[2025-10-10T16:12:07.334Z] File Cleanup: Cleanup completed: 0 files deleted, 0 files archived
[2025-10-10T16:12:07.334Z] File Cleanup: Updating file index...
[2025-10-10T16:12:07.352Z] File Cleanup: File index updated with 441 files and 183 directories
[2025-10-10T16:12:07.361Z] File Cleanup: Cleanup report saved to: /workspace/reports/file-cleanup-report.json
[2025-10-10T16:17:09.649Z] File Cleanup: Generating cleanup report...
[2025-10-10T16:17:09.655Z] File Cleanup: Starting file cleanup process...
[2025-10-10T16:17:09.657Z] File Cleanup: Archiving important logs...
[2025-10-10T16:17:09.657Z] File Cleanup: Cleanup completed: 0 files deleted, 0 files archived
[2025-10-10T16:17:09.657Z] File Cleanup: Updating file index...
[2025-10-10T16:17:09.675Z] File Cleanup: File index updated with 452 files and 187 directories
[2025-10-10T16:17:09.685Z] File Cleanup: Cleanup report saved to: /workspace/reports/file-cleanup-report.json
[2025-10-10T16:22:11.944Z] File Cleanup: Generating cleanup report...
[2025-10-10T16:22:11.950Z] File Cleanup: Starting file cleanup process...
[2025-10-10T16:22:11.951Z] File Cleanup: Archiving important logs...
[2025-10-10T16:22:11.951Z] File Cleanup: Cleanup completed: 0 files deleted, 0 files archived
[2025-10-10T16:22:11.952Z] File Cleanup: Updating file index...
[2025-10-10T16:22:11.969Z] File Cleanup: File index updated with 453 files and 187 directories
[2025-10-10T16:22:11.978Z] File Cleanup: Cleanup report saved to: /workspace/reports/file-cleanup-report.json
[2025-10-10T16:27:14.319Z] File Cleanup: Generating cleanup report...
[2025-10-10T16:27:14.326Z] File Cleanup: Starting file cleanup process...
[2025-10-10T16:27:14.328Z] File Cleanup: Archiving important logs...
[2025-10-10T16:27:14.328Z] File Cleanup: Cleanup completed: 0 files deleted, 0 files archived
[2025-10-10T16:27:14.328Z] File Cleanup: Updating file index...
[2025-10-10T16:27:14.350Z] File Cleanup: File index updated with 454 files and 187 directories
[2025-10-10T16:27:14.364Z] File Cleanup: Cleanup report saved to: /workspace/reports/file-cleanup-report.json
[2025-10-10T16:32:16.745Z] File Cleanup: Generating cleanup report...
[2025-10-10T16:32:16.752Z] File Cleanup: Starting file cleanup process...
[2025-10-10T16:32:16.754Z] File Cleanup: Archiving important logs...
[2025-10-10T16:32:16.754Z] File Cleanup: Cleanup completed: 0 files deleted, 0 files archived
[2025-10-10T16:32:16.754Z] File Cleanup: Updating file index...
[2025-10-10T16:32:16.780Z] File Cleanup: File index updated with 455 files and 187 directories
[2025-10-10T16:32:16.791Z] File Cleanup: Cleanup report saved to: /workspace/reports/file-cleanup-report.json
[2025-10-10T16:37:19.179Z] File Cleanup: Generating cleanup report...
[2025-10-10T16:37:19.187Z] File Cleanup: Starting file cleanup process...
[2025-10-10T16:37:19.190Z] File Cleanup: Archiving important logs...
[2025-10-10T16:37:19.190Z] File Cleanup: Cleanup completed: 0 files deleted, 0 files archived
[2025-10-10T16:37:19.191Z] File Cleanup: Updating file index...
[2025-10-10T16:37:19.226Z] File Cleanup: File index updated with 456 files and 187 directories
[2025-10-10T16:37:19.241Z] File Cleanup: Cleanup report saved to: /workspace/reports/file-cleanup-report.json
[2025-10-10T16:42:21.786Z] File Cleanup: Generating cleanup report...
[2025-10-10T16:42:21.801Z] File Cleanup: Starting file cleanup process...
[2025-10-10T16:42:21.803Z] File Cleanup: Archiving important logs...
[2025-10-10T16:42:21.804Z] File Cleanup: Cleanup completed: 0 files deleted, 0 files archived
[2025-10-10T16:42:21.804Z] File Cleanup: Updating file index...
[2025-10-10T16:42:21.854Z] File Cleanup: File index updated with 457 files and 187 directories
[2025-10-10T16:42:21.878Z] File Cleanup: Cleanup report saved to: /workspace/reports/file-cleanup-report.json
